#
# A fatal error has been detected by the Java Runtime Environment:
#
#  EXCEPTION_ACCESS_VIOLATION (0xc0000005) at pc=0x00007ff9ed309612, pid=20192, tid=0x0000000000003524
#
# JRE version: Java(TM) SE Runtime Environment (8.0_202-b08) (build 1.8.0_202-b08)
# Java VM: Java HotSpot(TM) 64-Bit Server VM (25.202-b08 mixed mode windows-amd64 compressed oops)
# Problematic frame:
# C  [msvcrt.dll+0x79612]
#
# Failed to write core dump. Minidumps are not enabled by default on client versions of Windows
#
# If you would like to submit a bug report, please visit:
#   http://bugreport.java.com/bugreport/crash.jsp
# The crash happened outside the Java Virtual Machine in native code.
# See problematic frame for where to report the bug.
#

---------------  T H R E A D  ---------------

Current thread (0x000000002abc8000):  JavaThread "SwingWorker-pool-1-thread-2" daemon [_thread_in_native, id=13604, stack(0x000000002c0b0000,0x000000002c1b0000)]

siginfo: ExceptionCode=0xc0000005, reading address 0x0000000000000000

Registers:
RAX=0x000000001ba00770, RBX=0x000000003515ba00, RCX=0x000000001ba00770, RDX=0xffffffffe45ff890
RSP=0x000000002c1ae328, RBP=0x000000001b957800, RSI=0x000000001b950630, RDI=0x000000001b957d20
R8 =0x0000000000000025, R9 =0x0000000000000029, R10=0x0000000000000000, R11=0x0000000000000025
R12=0x0000000000000000, R13=0x0000000000000000, R14=0x0000000031637661, R15=0x0000000000000000
RIP=0x00007ff9ed309612, EFLAGS=0x0000000000010283

Top of Stack: (sp=0x000000002c1ae328)
0x000000002c1ae328:   000000006e907923 0000000000000002
0x000000002c1ae338:   0000000000000080 0000000000000000
0x000000002c1ae348:   00007ff9eea2be70 0000000000000000
0x000000002c1ae358:   0000000000000000 0000000000ab0000
0x000000002c1ae368:   00007ff9eea2c7ba 00000000009c0000
0x000000002c1ae378:   0000000800000000 000000001b952970
0x000000002c1ae388:   000000001b957838 00006d4000000000
0x000000002c1ae398:   000000001b953670 000000001b958330
0x000000002c1ae3a8:   000000006f223ed2 000000002abc8000
0x000000002c1ae3b8:   000000002bec4048 000000002abc8000
0x000000002c1ae3c8:   000000001b96da50 0000000000000000
0x000000002c1ae3d8:   000000000000000d 000000000000000d
0x000000002c1ae3e8:   000000006f3a6d06 000000007fffffdf
0x000000002c1ae3f8:   00007ff9ed2acb80 0000000000000000
0x000000002c1ae408:   000000000000000d 000000001b9583c0
0x000000002c1ae418:   0000000000ab0000 000000000000000d 

Instructions: (pc=0x00007ff9ed309612)
0x00007ff9ed3095f2:   f0 c3 66 66 66 66 0f 1f 84 00 00 00 00 00 4e 8d
0x00007ff9ed309602:   1c 02 48 2b d1 73 09 4c 3b d9 0f 87 6e 01 00 00
0x00007ff9ed309612:   0f 10 04 11 48 83 c1 10 f6 c1 0f 74 12 48 83 e1
0x00007ff9ed309622:   f0 0f 10 0c 11 0f 11 00 0f 28 c1 48 83 c1 10 4c 


Register to memory mapping:

RAX=0x000000001ba00770 is an unknown value
RBX=0x000000003515ba00 is an unknown value
RCX=0x000000001ba00770 is an unknown value
RDX=0xffffffffe45ff890 is an unknown value
RSP=0x000000002c1ae328 is pointing into the stack for thread: 0x000000002abc8000
RBP=0x000000001b957800 is an unknown value
RSI=0x000000001b950630 is an unknown value
RDI=0x000000001b957d20 is an unknown value
R8 =0x0000000000000025 is an unknown value
R9 =0x0000000000000029 is an unknown value
R10=0x0000000000000000 is an unknown value
R11=0x0000000000000025 is an unknown value
R12=0x0000000000000000 is an unknown value
R13=0x0000000000000000 is an unknown value
R14=0x0000000031637661 is an unknown value
R15=0x0000000000000000 is an unknown value


Stack: [0x000000002c0b0000,0x000000002c1b0000],  sp=0x000000002c1ae328,  free space=1016k
Native frames: (J=compiled Java code, j=interpreted, Vv=VM code, C=native code)
C  [msvcrt.dll+0x79612]
C  [xuggle5944280523490384327.dll+0x1c7923]
C  [xuggle5944280523490384327.dll+0x18b272]
C  [xuggle5944280523490384327.dll+0xc400]
C  [xuggle5944280523490384327.dll+0x91edf]
C  0x0000000002548627

Java frames: (J=compiled Java code, j=interpreted, Vv=VM code)
j  com.xuggle.xuggler.XugglerJNI.IContainer_writeHeader(JLcom/xuggle/xuggler/IContainer;)I+0
j  com.xuggle.xuggler.IContainer.writeHeader()I+5
j  com.xuggle.mediatool.MediaWriter.getStream(I)Lcom/xuggle/xuggler/IStream;+222
j  com.xuggle.mediatool.MediaWriter.encodeVideo(ILcom/xuggle/xuggler/IVideoPicture;Ljava/awt/image/BufferedImage;)V+17
j  com.xuggle.mediatool.MediaWriter.encodeVideo(ILcom/xuggle/xuggler/IVideoPicture;)V+4
j  com.webcamIntegration.config.JFrameConfig$3.doInBackground()Ljava/lang/Void;+73
j  com.webcamIntegration.config.JFrameConfig$3.doInBackground()Ljava/lang/Object;+1
j  javax.swing.SwingWorker$1.call()Ljava/lang/Object;+14
j  java.util.concurrent.FutureTask.run()V+42
j  javax.swing.SwingWorker.run()V+4
j  java.util.concurrent.ThreadPoolExecutor.runWorker(Ljava/util/concurrent/ThreadPoolExecutor$Worker;)V+95
j  java.util.concurrent.ThreadPoolExecutor$Worker.run()V+5
j  java.lang.Thread.run()V+11
v  ~StubRoutines::call_stub

---------------  P R O C E S S  ---------------

Java Threads: ( => current thread )
=>0x000000002abc8000 JavaThread "SwingWorker-pool-1-thread-2" daemon [_thread_in_native, id=13604, stack(0x000000002c0b0000,0x000000002c1b0000)]
  0x000000001e06f000 JavaThread "notificator-[W100 0]" daemon [_thread_blocked, id=8600, stack(0x000000002a1e0000,0x000000002a2e0000)]
  0x000000001e073800 JavaThread "D3D Screen Updater" daemon [_thread_blocked, id=18444, stack(0x00000000294d0000,0x00000000295d0000)]
  0x000000001e072000 JavaThread "webcam-panel-scheduled-executor-1" daemon [_thread_in_Java, id=16196, stack(0x00000000297d0000,0x00000000298d0000)]
  0x000000001e071800 JavaThread "TimerQueue" daemon [_thread_blocked, id=19152, stack(0x00000000296d0000,0x00000000297d0000)]
  0x000000001e070800 JavaThread "SwingWorker-pool-1-thread-1" daemon [_thread_blocked, id=18092, stack(0x00000000295d0000,0x00000000296d0000)]
  0x000000001e06e800 JavaThread "frames-refresher-[0]" daemon [_thread_blocked, id=17876, stack(0x0000000028300000,0x0000000028400000)]
  0x000000001e070000 JavaThread "webcam-lock-[W100 0]" daemon [_thread_blocked, id=17656, stack(0x00000000274a0000,0x00000000275a0000)]
  0x000000001e066800 JavaThread "webcam-discovery-service" daemon [_thread_blocked, id=9636, stack(0x0000000026f70000,0x0000000027070000)]
  0x000000001e073000 JavaThread "atomic-processor-1" daemon [_thread_in_native, id=12204, stack(0x0000000027070000,0x0000000027170000)]
  0x000000001e06b800 JavaThread "AWT-EventQueue-0" [_thread_in_native, id=18416, stack(0x0000000020f60000,0x0000000021060000)]
  0x000000001e06d800 JavaThread "AWT-Windows" daemon [_thread_in_native, id=15432, stack(0x0000000020c60000,0x0000000020d60000)]
  0x000000001e06d000 JavaThread "AWT-Shutdown" [_thread_blocked, id=11348, stack(0x0000000020b60000,0x0000000020c60000)]
  0x000000001e06a800 JavaThread "Java2D Disposer" daemon [_thread_blocked, id=19052, stack(0x0000000020a60000,0x0000000020b60000)]
  0x000000001e068000 JavaThread "DestroyJavaVM" [_thread_blocked, id=20228, stack(0x00000000022d0000,0x00000000023d0000)]
  0x000000001e066000 JavaThread "http-nio-8080-Acceptor" daemon [_thread_in_native, id=17340, stack(0x0000000020560000,0x0000000020660000)]
  0x000000001e06c000 JavaThread "http-nio-8080-Poller" daemon [_thread_in_native, id=19756, stack(0x0000000020460000,0x0000000020560000)]
  0x000000001e069000 JavaThread "http-nio-8080-exec-10" daemon [_thread_blocked, id=18168, stack(0x0000000020360000,0x0000000020460000)]
  0x000000001e06a000 JavaThread "http-nio-8080-exec-9" daemon [_thread_blocked, id=19688, stack(0x0000000020260000,0x0000000020360000)]
  0x000000001e065000 JavaThread "http-nio-8080-exec-8" daemon [_thread_blocked, id=19684, stack(0x0000000020160000,0x0000000020260000)]
  0x000000001e067800 JavaThread "http-nio-8080-exec-7" daemon [_thread_blocked, id=15288, stack(0x0000000020060000,0x0000000020160000)]
  0x000000001904d000 JavaThread "http-nio-8080-exec-6" daemon [_thread_blocked, id=19492, stack(0x000000001ff60000,0x0000000020060000)]
  0x000000001904c800 JavaThread "http-nio-8080-exec-5" daemon [_thread_blocked, id=19496, stack(0x000000001fe60000,0x000000001ff60000)]
  0x000000001904b000 JavaThread "http-nio-8080-exec-4" daemon [_thread_blocked, id=19588, stack(0x000000001fd60000,0x000000001fe60000)]
  0x000000001904b800 JavaThread "http-nio-8080-exec-3" daemon [_thread_blocked, id=19584, stack(0x000000001fc60000,0x000000001fd60000)]
  0x000000001904a000 JavaThread "http-nio-8080-exec-2" daemon [_thread_blocked, id=19532, stack(0x000000001fb60000,0x000000001fc60000)]
  0x0000000019048800 JavaThread "http-nio-8080-exec-1" daemon [_thread_blocked, id=19536, stack(0x000000001fa60000,0x000000001fb60000)]
  0x000000001de59000 JavaThread "container-0" [_thread_blocked, id=20412, stack(0x000000001f560000,0x000000001f660000)]
  0x000000001de58800 JavaThread "Catalina-utility-2" [_thread_blocked, id=20408, stack(0x000000001f460000,0x000000001f560000)]
  0x000000001de58000 JavaThread "Catalina-utility-1" [_thread_blocked, id=20404, stack(0x000000001d590000,0x000000001d690000)]
  0x000000001c578000 JavaThread "JMX server connection timeout 26" daemon [_thread_blocked, id=20388, stack(0x000000001d290000,0x000000001d390000)]
  0x000000001c570800 JavaThread "RMI TCP Connection(2)-127.0.0.1" daemon [_thread_in_native, id=20384, stack(0x000000001d190000,0x000000001d290000)]
  0x000000001c56d800 JavaThread "RMI Scheduler(0)" daemon [_thread_blocked, id=20380, stack(0x000000001d090000,0x000000001d190000)]
  0x000000001c56b000 JavaThread "RMI TCP Connection(1)-127.0.0.1" daemon [_thread_in_native, id=20372, stack(0x000000001cf90000,0x000000001d090000)]
  0x000000001c131000 JavaThread "RMI TCP Accept-0" daemon [_thread_in_native, id=20364, stack(0x000000001c840000,0x000000001c940000)]
  0x000000001c130000 JavaThread "RMI TCP Accept-53919" daemon [_thread_in_native, id=20360, stack(0x000000001c740000,0x000000001c840000)]
  0x000000001c129000 JavaThread "RMI TCP Accept-0" daemon [_thread_in_native, id=20356, stack(0x000000001c640000,0x000000001c740000)]
  0x00000000190cf800 JavaThread "Service Thread" daemon [_thread_blocked, id=20352, stack(0x000000001b840000,0x000000001b940000)]
  0x0000000019049800 JavaThread "C1 CompilerThread11" daemon [_thread_blocked, id=20348, stack(0x000000001b740000,0x000000001b840000)]
  0x000000001904f800 JavaThread "C1 CompilerThread10" daemon [_thread_blocked, id=20344, stack(0x000000001b640000,0x000000001b740000)]
  0x000000001904e800 JavaThread "C1 CompilerThread9" daemon [_thread_blocked, id=20340, stack(0x000000001b540000,0x000000001b640000)]
  0x000000001904e000 JavaThread "C1 CompilerThread8" daemon [_thread_blocked, id=20336, stack(0x000000001b440000,0x000000001b540000)]
  0x0000000019032000 JavaThread "C2 CompilerThread7" daemon [_thread_blocked, id=20332, stack(0x000000001b340000,0x000000001b440000)]
  0x000000001900f800 JavaThread "C2 CompilerThread6" daemon [_thread_blocked, id=20328, stack(0x000000001b240000,0x000000001b340000)]
  0x0000000018ffd000 JavaThread "C2 CompilerThread5" daemon [_thread_blocked, id=20324, stack(0x000000001b140000,0x000000001b240000)]
  0x0000000018ff0000 JavaThread "C2 CompilerThread4" daemon [_thread_blocked, id=20320, stack(0x000000001b040000,0x000000001b140000)]
  0x0000000018fef800 JavaThread "C2 CompilerThread3" daemon [_thread_blocked, id=20316, stack(0x000000001af40000,0x000000001b040000)]
  0x0000000018fe8800 JavaThread "C2 CompilerThread2" daemon [_thread_blocked, id=20312, stack(0x000000001ae40000,0x000000001af40000)]
  0x0000000018fe7000 JavaThread "C2 CompilerThread1" daemon [_thread_blocked, id=20308, stack(0x000000001ad40000,0x000000001ae40000)]
  0x0000000018fe5800 JavaThread "C2 CompilerThread0" daemon [_thread_blocked, id=20304, stack(0x000000001ac40000,0x000000001ad40000)]
  0x0000000018fe4800 JavaThread "Attach Listener" daemon [_thread_blocked, id=20300, stack(0x000000001ab40000,0x000000001ac40000)]
  0x0000000018fde800 JavaThread "Signal Dispatcher" daemon [_thread_blocked, id=20296, stack(0x000000001aa40000,0x000000001ab40000)]
  0x0000000017555000 JavaThread "Finalizer" daemon [_thread_blocked, id=20292, stack(0x000000001a820000,0x000000001a920000)]
  0x0000000018fc6000 JavaThread "Reference Handler" daemon [_thread_blocked, id=20288, stack(0x000000001a720000,0x000000001a820000)]

Other Threads:
  0x0000000018fa3800 VMThread [stack: 0x000000001a620000,0x000000001a720000] [id=20284]
  0x000000001c144000 WatcherThread [stack: 0x000000001c940000,0x000000001ca40000] [id=20368]

VM state:not at safepoint (normal execution)

VM Mutex/Monitor currently owned by a thread: None

heap address: 0x0000000089800000, size: 1896 MB, Compressed Oops mode: 32-bit
Narrow klass base: 0x0000000000000000, Narrow klass shift: 3
Compressed class space size: 1073741824 Address: 0x0000000100000000

Heap:
 PSYoungGen      total 157696K, used 17777K [0x00000000d8800000, 0x00000000e3200000, 0x0000000100000000)
  eden space 143872K, 5% used [0x00000000d8800000,0x00000000d8fec730,0x00000000e1480000)
  from space 13824K, 69% used [0x00000000e2200000,0x00000000e2b70080,0x00000000e2f80000)
  to   space 13824K, 0% used [0x00000000e1480000,0x00000000e1480000,0x00000000e2200000)
 ParOldGen       total 78336K, used 12255K [0x0000000089800000, 0x000000008e480000, 0x00000000d8800000)
  object space 78336K, 15% used [0x0000000089800000,0x000000008a3f7d28,0x000000008e480000)
 Metaspace       used 45643K, capacity 47984K, committed 48384K, reserved 1091584K
  class space    used 6168K, capacity 6587K, committed 6656K, reserved 1048576K

Card table byte_map: [0x00000000118f0000,0x0000000011cb0000] byte_map_base: 0x00000000114a4000

Marking Bits: (ParMarkBitMap*) 0x000000005e5c5ce0
 Begin Bits: [0x0000000012c30000, 0x00000000149d0000)
 End Bits:   [0x00000000149d0000, 0x0000000016770000)

Polling page: 0x0000000000aa0000

CodeCache: size=245760Kb used=10113Kb max_used=10113Kb free=235646Kb
 bounds [0x0000000002530000, 0x0000000002f20000, 0x0000000011530000]
 total_blobs=5091 nmethods=4409 adapters=592
 compilation: enabled

Compilation events (10 events):
Event: 21.307 Thread 0x000000001904e000 4468       1       com.github.sarxos.webcam.WebcamPanel::access$1700 (5 bytes)
Event: 21.307 Thread 0x000000001904e000 nmethod 4468 0x0000000002f10650 code [0x0000000002f107a0, 0x0000000002f10890]
Event: 21.342 Thread 0x0000000019049800 4469       1       com.xuggle.ferry.JNINativeFinalizer::finalize (7 bytes)
Event: 21.342 Thread 0x000000001904f800 4470       1       com.xuggle.ferry.JNIReference::getMgr (4 bytes)
Event: 21.343 Thread 0x000000001904f800 nmethod 4470 0x0000000002f10910 code [0x0000000002f10a60, 0x0000000002f10b50]
Event: 21.343 Thread 0x0000000019049800 nmethod 4469 0x0000000002f10bd0 code [0x0000000002f10d60, 0x0000000002f110d8]
Event: 21.347 Thread 0x000000001904e800 4471   !   1       java.util.zip.Inflater::end (50 bytes)
Event: 21.347 Thread 0x000000001904e000 4472       1       java.util.zip.ZStreamRef::clear (6 bytes)
Event: 21.347 Thread 0x000000001904e000 nmethod 4472 0x0000000002f11310 code [0x0000000002f11460, 0x0000000002f11590]
Event: 21.348 Thread 0x000000001904e800 nmethod 4471 0x0000000002f115d0 code [0x0000000002f11740, 0x0000000002f11a68]

GC Heap History (10 events):
Event: 3.074 GC heap before
{Heap before GC invocations=8 (full 1):
 PSYoungGen      total 82944K, used 16598K [0x00000000d8800000, 0x00000000dfb00000, 0x0000000100000000)
  eden space 71680K, 7% used [0x00000000d8800000,0x00000000d8d388b0,0x00000000dce00000)
  from space 11264K, 99% used [0x00000000ddb00000,0x00000000de5fd268,0x00000000de600000)
  to   space 13312K, 0% used [0x00000000dce00000,0x00000000dce00000,0x00000000ddb00000)
 ParOldGen       total 56320K, used 12406K [0x0000000089800000, 0x000000008cf00000, 0x00000000d8800000)
  object space 56320K, 22% used [0x0000000089800000,0x000000008a41db88,0x000000008cf00000)
 Metaspace       used 33433K, capacity 35336K, committed 35456K, reserved 1079296K
  class space    used 4572K, capacity 4928K, committed 4992K, reserved 1048576K
Event: 3.081 GC heap after
Heap after GC invocations=8 (full 1):
 PSYoungGen      total 84992K, used 8582K [0x00000000d8800000, 0x00000000e1700000, 0x0000000100000000)
  eden space 71680K, 0% used [0x00000000d8800000,0x00000000d8800000,0x00000000dce00000)
  from space 13312K, 64% used [0x00000000dce00000,0x00000000dd661ab8,0x00000000ddb00000)
  to   space 13312K, 0% used [0x00000000e0a00000,0x00000000e0a00000,0x00000000e1700000)
 ParOldGen       total 56320K, used 12414K [0x0000000089800000, 0x000000008cf00000, 0x00000000d8800000)
  object space 56320K, 22% used [0x0000000089800000,0x000000008a41fb88,0x000000008cf00000)
 Metaspace       used 33433K, capacity 35336K, committed 35456K, reserved 1079296K
  class space    used 4572K, capacity 4928K, committed 4992K, reserved 1048576K
}
Event: 3.081 GC heap before
{Heap before GC invocations=9 (full 2):
 PSYoungGen      total 84992K, used 8582K [0x00000000d8800000, 0x00000000e1700000, 0x0000000100000000)
  eden space 71680K, 0% used [0x00000000d8800000,0x00000000d8800000,0x00000000dce00000)
  from space 13312K, 64% used [0x00000000dce00000,0x00000000dd661ab8,0x00000000ddb00000)
  to   space 13312K, 0% used [0x00000000e0a00000,0x00000000e0a00000,0x00000000e1700000)
 ParOldGen       total 56320K, used 12414K [0x0000000089800000, 0x000000008cf00000, 0x00000000d8800000)
  object space 56320K, 22% used [0x0000000089800000,0x000000008a41fb88,0x000000008cf00000)
 Metaspace       used 33433K, capacity 35336K, committed 35456K, reserved 1079296K
  class space    used 4572K, capacity 4928K, committed 4992K, reserved 1048576K
Event: 3.135 GC heap after
Heap after GC invocations=9 (full 2):
 PSYoungGen      total 84992K, used 0K [0x00000000d8800000, 0x00000000e1700000, 0x0000000100000000)
  eden space 71680K, 0% used [0x00000000d8800000,0x00000000d8800000,0x00000000dce00000)
  from space 13312K, 0% used [0x00000000dce00000,0x00000000dce00000,0x00000000ddb00000)
  to   space 13312K, 0% used [0x00000000e0a00000,0x00000000e0a00000,0x00000000e1700000)
 ParOldGen       total 78336K, used 12231K [0x0000000089800000, 0x000000008e480000, 0x00000000d8800000)
  object space 78336K, 15% used [0x0000000089800000,0x000000008a3f1d28,0x000000008e480000)
 Metaspace       used 33433K, capacity 35336K, committed 35456K, reserved 1079296K
  class space    used 4572K, capacity 4928K, committed 4992K, reserved 1048576K
}
Event: 15.470 GC heap before
{Heap before GC invocations=10 (full 2):
 PSYoungGen      total 84992K, used 70965K [0x00000000d8800000, 0x00000000e1700000, 0x0000000100000000)
  eden space 71680K, 99% used [0x00000000d8800000,0x00000000dcd4d568,0x00000000dce00000)
  from space 13312K, 0% used [0x00000000dce00000,0x00000000dce00000,0x00000000ddb00000)
  to   space 13312K, 0% used [0x00000000e0a00000,0x00000000e0a00000,0x00000000e1700000)
 ParOldGen       total 78336K, used 12231K [0x0000000089800000, 0x000000008e480000, 0x00000000d8800000)
  object space 78336K, 15% used [0x0000000089800000,0x000000008a3f1d28,0x000000008e480000)
 Metaspace       used 44638K, capacity 47018K, committed 47232K, reserved 1089536K
  class space    used 6068K, capacity 6522K, committed 6528K, reserved 1048576K
Event: 15.485 GC heap after
Heap after GC invocations=10 (full 2):
 PSYoungGen      total 123392K, used 11869K [0x00000000d8800000, 0x00000000e1600000, 0x0000000100000000)
  eden space 111104K, 0% used [0x00000000d8800000,0x00000000d8800000,0x00000000df480000)
  from space 12288K, 96% used [0x00000000e0a00000,0x00000000e1597788,0x00000000e1600000)
  to   space 14336K, 0% used [0x00000000dfa00000,0x00000000dfa00000,0x00000000e0800000)
 ParOldGen       total 78336K, used 12239K [0x0000000089800000, 0x000000008e480000, 0x00000000d8800000)
  object space 78336K, 15% used [0x0000000089800000,0x000000008a3f3d28,0x000000008e480000)
 Metaspace       used 44638K, capacity 47018K, committed 47232K, reserved 1089536K
  class space    used 6068K, capacity 6522K, committed 6528K, reserved 1048576K
}
Event: 18.352 GC heap before
{Heap before GC invocations=11 (full 2):
 PSYoungGen      total 123392K, used 122313K [0x00000000d8800000, 0x00000000e1600000, 0x0000000100000000)
  eden space 111104K, 99% used [0x00000000d8800000,0x00000000df3daf70,0x00000000df480000)
  from space 12288K, 96% used [0x00000000e0a00000,0x00000000e1597788,0x00000000e1600000)
  to   space 14336K, 0% used [0x00000000dfa00000,0x00000000dfa00000,0x00000000e0800000)
 ParOldGen       total 78336K, used 12239K [0x0000000089800000, 0x000000008e480000, 0x00000000d8800000)
  object space 78336K, 15% used [0x0000000089800000,0x000000008a3f3d28,0x000000008e480000)
 Metaspace       used 45637K, capacity 47984K, committed 48384K, reserved 1091584K
  class space    used 6166K, capacity 6587K, committed 6656K, reserved 1048576K
Event: 18.360 GC heap after
Heap after GC invocations=11 (full 2):
 PSYoungGen      total 131072K, used 8344K [0x00000000d8800000, 0x00000000e2f80000, 0x0000000100000000)
  eden space 116736K, 0% used [0x00000000d8800000,0x00000000d8800000,0x00000000dfa00000)
  from space 14336K, 58% used [0x00000000dfa00000,0x00000000e0226220,0x00000000e0800000)
  to   space 13824K, 0% used [0x00000000e2200000,0x00000000e2200000,0x00000000e2f80000)
 ParOldGen       total 78336K, used 12247K [0x0000000089800000, 0x000000008e480000, 0x00000000d8800000)
  object space 78336K, 15% used [0x0000000089800000,0x000000008a3f5d28,0x000000008e480000)
 Metaspace       used 45637K, capacity 47984K, committed 48384K, reserved 1091584K
  class space    used 6166K, capacity 6587K, committed 6656K, reserved 1048576K
}
Event: 21.336 GC heap before
{Heap before GC invocations=12 (full 2):
 PSYoungGen      total 131072K, used 124483K [0x00000000d8800000, 0x00000000e2f80000, 0x0000000100000000)
  eden space 116736K, 99% used [0x00000000d8800000,0x00000000df96ab70,0x00000000dfa00000)
  from space 14336K, 58% used [0x00000000dfa00000,0x00000000e0226220,0x00000000e0800000)
  to   space 13824K, 0% used [0x00000000e2200000,0x00000000e2200000,0x00000000e2f80000)
 ParOldGen       total 78336K, used 12247K [0x0000000089800000, 0x000000008e480000, 0x00000000d8800000)
  object space 78336K, 15% used [0x0000000089800000,0x000000008a3f5d28,0x000000008e480000)
 Metaspace       used 45643K, capacity 47984K, committed 48384K, reserved 1091584K
  class space    used 6168K, capacity 6587K, committed 6656K, reserved 1048576K
Event: 21.342 GC heap after
Heap after GC invocations=12 (full 2):
 PSYoungGen      total 157696K, used 9664K [0x00000000d8800000, 0x00000000e3200000, 0x0000000100000000)
  eden space 143872K, 0% used [0x00000000d8800000,0x00000000d8800000,0x00000000e1480000)
  from space 13824K, 69% used [0x00000000e2200000,0x00000000e2b70080,0x00000000e2f80000)
  to   space 13824K, 0% used [0x00000000e1480000,0x00000000e1480000,0x00000000e2200000)
 ParOldGen       total 78336K, used 12255K [0x0000000089800000, 0x000000008e480000, 0x00000000d8800000)
  object space 78336K, 15% used [0x0000000089800000,0x000000008a3f7d28,0x000000008e480000)
 Metaspace       used 45643K, capacity 47984K, committed 48384K, reserved 1091584K
  class space    used 6168K, capacity 6587K, committed 6656K, reserved 1048576K
}

Deoptimization events (0 events):
No events

Classes redefined (0 events):
No events

Internal exceptions (10 events):
Event: 14.236 Thread 0x000000001e073000 Exception <a 'java/lang/ArrayIndexOutOfBoundsException'> (0x00000000dc8d57f8) thrown at [C:\re\workspace\8-2-build-windows-amd64-cygwin\jdk8u202\12323\hotspot\src\share\vm\runtime\sharedRuntime.cpp, line 605]
Event: 14.236 Thread 0x000000001e073000 Exception <a 'java/lang/ArrayIndexOutOfBoundsException'> (0x00000000dc8d65e8) thrown at [C:\re\workspace\8-2-build-windows-amd64-cygwin\jdk8u202\12323\hotspot\src\share\vm\runtime\sharedRuntime.cpp, line 605]
Event: 14.236 Thread 0x000000001e073000 Exception <a 'java/lang/ArrayIndexOutOfBoundsException'> (0x00000000dc8d7260) thrown at [C:\re\workspace\8-2-build-windows-amd64-cygwin\jdk8u202\12323\hotspot\src\share\vm\runtime\sharedRuntime.cpp, line 605]
Event: 14.246 Thread 0x000000001e073000 Exception <a 'java/lang/ArrayIndexOutOfBoundsException'> (0x00000000dc8dac70) thrown at [C:\re\workspace\8-2-build-windows-amd64-cygwin\jdk8u202\12323\hotspot\src\share\vm\runtime\sharedRuntime.cpp, line 605]
Event: 14.246 Thread 0x000000001e073000 Exception <a 'java/lang/NoSuchMethodError': getDevice> (0x00000000dc8dea58) thrown at [C:\re\workspace\8-2-build-windows-amd64-cygwin\jdk8u202\12323\hotspot\src\share\vm\prims\jni.cpp, line 1614]
Event: 14.246 Thread 0x000000001e073000 Exception <a 'java/lang/NoSuchMethodError': getNumDevices> (0x00000000dc8decb8) thrown at [C:\re\workspace\8-2-build-windows-amd64-cygwin\jdk8u202\12323\hotspot\src\share\vm\prims\jni.cpp, line 1614]
Event: 14.247 Thread 0x000000001e073000 Exception <a 'java/lang/ArrayIndexOutOfBoundsException'> (0x00000000dc8e3840) thrown at [C:\re\workspace\8-2-build-windows-amd64-cygwin\jdk8u202\12323\hotspot\src\share\vm\runtime\sharedRuntime.cpp, line 605]
Event: 14.247 Thread 0x000000001e073000 Exception <a 'java/lang/ArrayIndexOutOfBoundsException'> (0x00000000dc8e68a8) thrown at [C:\re\workspace\8-2-build-windows-amd64-cygwin\jdk8u202\12323\hotspot\src\share\vm\runtime\sharedRuntime.cpp, line 605]
Event: 14.247 Thread 0x000000001e073000 Exception <a 'java/lang/NoSuchMethodError': getName> (0x00000000dc8e8e70) thrown at [C:\re\workspace\8-2-build-windows-amd64-cygwin\jdk8u202\12323\hotspot\src\share\vm\prims\jni.cpp, line 1614]
Event: 14.247 Thread 0x000000001e073000 Exception <a 'java/lang/NoSuchMethodError': getIdentifier> (0x00000000dc8e90d8) thrown at [C:\re\workspace\8-2-build-windows-amd64-cygwin\jdk8u202\12323\hotspot\src\share\vm\prims\jni.cpp, line 1614]

Events (10 events):
Event: 21.346 Executing VM operation: RevokeBias
Event: 21.346 Executing VM operation: RevokeBias done
Event: 21.347 Executing VM operation: RevokeBias
Event: 21.347 Executing VM operation: RevokeBias done
Event: 21.347 Executing VM operation: RevokeBias
Event: 21.347 Executing VM operation: RevokeBias done
Event: 21.347 Executing VM operation: RevokeBias
Event: 21.347 Executing VM operation: RevokeBias done
Event: 21.347 Executing VM operation: BulkRevokeBias
Event: 21.347 Executing VM operation: BulkRevokeBias done


Dynamic libraries:
0x00007ff6cc7e0000 - 0x00007ff6cc817000 	C:\Program Files\Java\jdk1.8.0_202\bin\javaw.exe
0x00007ff9ee9f0000 - 0x00007ff9eec06000 	C:\Windows\SYSTEM32\ntdll.dll
0x00007ff9ed340000 - 0x00007ff9ed404000 	C:\Windows\System32\KERNEL32.DLL
0x00007ff9ec000000 - 0x00007ff9ec3a6000 	C:\Windows\System32\KERNELBASE.dll
0x00007ff9ee3c0000 - 0x00007ff9ee472000 	C:\Windows\System32\ADVAPI32.dll
0x00007ff9ed290000 - 0x00007ff9ed337000 	C:\Windows\System32\msvcrt.dll
0x00007ff9ee8f0000 - 0x00007ff9ee998000 	C:\Windows\System32\sechost.dll
0x00007ff9ec3b0000 - 0x00007ff9ec3d8000 	C:\Windows\System32\bcrypt.dll
0x00007ff9ec8f0000 - 0x00007ff9eca05000 	C:\Windows\System32\RPCRT4.dll
0x00007ff9eda80000 - 0x00007ff9edc2d000 	C:\Windows\System32\USER32.dll
0x00007ff9ec3e0000 - 0x00007ff9ec406000 	C:\Windows\System32\win32u.dll
0x00007ff9ee310000 - 0x00007ff9ee339000 	C:\Windows\System32\GDI32.dll
0x00007ff9ec620000 - 0x00007ff9ec738000 	C:\Windows\System32\gdi32full.dll
0x00007ff9ec410000 - 0x00007ff9ec4aa000 	C:\Windows\System32\msvcp_win.dll
0x00007ff9ebee0000 - 0x00007ff9ebff1000 	C:\Windows\System32\ucrtbase.dll
0x00007ff9cd7d0000 - 0x00007ff9cda63000 	C:\Windows\WinSxS\amd64_microsoft.windows.common-controls_6595b64144ccf1df_6.0.22621.3235_none_270f74e173860f98\COMCTL32.dll
0x00007ff9ec740000 - 0x00007ff9ec771000 	C:\Windows\System32\IMM32.DLL
0x000000005e650000 - 0x000000005e722000 	C:\Program Files\Java\jdk1.8.0_202\jre\bin\msvcr100.dll
0x000000005dda0000 - 0x000000005e645000 	C:\Program Files\Java\jdk1.8.0_202\jre\bin\server\jvm.dll
0x00007ff9ec780000 - 0x00007ff9ec788000 	C:\Windows\System32\PSAPI.DLL
0x00007ff9e9890000 - 0x00007ff9e98c4000 	C:\Windows\SYSTEM32\WINMM.dll
0x00007ff9b6970000 - 0x00007ff9b6979000 	C:\Windows\SYSTEM32\WSOCK32.dll
0x00007ff9e5e10000 - 0x00007ff9e5e1a000 	C:\Windows\SYSTEM32\VERSION.dll
0x00007ff9ee340000 - 0x00007ff9ee3b1000 	C:\Windows\System32\WS2_32.dll
0x00007ff9e5190000 - 0x00007ff9e519f000 	C:\Program Files\Java\jdk1.8.0_202\jre\bin\verify.dll
0x00007ff9e5120000 - 0x00007ff9e5149000 	C:\Program Files\Java\jdk1.8.0_202\jre\bin\java.dll
0x00007ff9e5160000 - 0x00007ff9e5176000 	C:\Program Files\Java\jdk1.8.0_202\jre\bin\zip.dll
0x00007ff9eca30000 - 0x00007ff9ed28c000 	C:\Windows\System32\SHELL32.dll
0x00007ff9e9c50000 - 0x00007ff9ea548000 	C:\Windows\SYSTEM32\windows.storage.dll
0x00007ff9edc30000 - 0x00007ff9edfb8000 	C:\Windows\System32\combase.dll
0x00007ff9e9b10000 - 0x00007ff9e9c4e000 	C:\Windows\SYSTEM32\wintypes.dll
0x00007ff9ee4a0000 - 0x00007ff9ee593000 	C:\Windows\System32\SHCORE.dll
0x00007ff9ee1c0000 - 0x00007ff9ee21e000 	C:\Windows\System32\shlwapi.dll
0x00007ff9ebc60000 - 0x00007ff9ebc86000 	C:\Windows\SYSTEM32\profapi.dll
0x00007ff9e5110000 - 0x00007ff9e511d000 	C:\Program Files\Java\jdk1.8.0_202\jre\bin\management.dll
0x00007ff9e5090000 - 0x00007ff9e50aa000 	C:\Program Files\Java\jdk1.8.0_202\jre\bin\net.dll
0x00007ff9cc410000 - 0x00007ff9cc600000 	C:\Windows\SYSTEM32\urlmon.dll
0x00007ff9cbde0000 - 0x00007ff9cc09c000 	C:\Windows\SYSTEM32\iertutil.dll
0x00007ff9ea770000 - 0x00007ff9ea77c000 	C:\Windows\SYSTEM32\netutils.dll
0x00007ff9d9db0000 - 0x00007ff9d9dd8000 	C:\Windows\SYSTEM32\srvcli.dll
0x00007ff9eb2a0000 - 0x00007ff9eb309000 	C:\Windows\system32\mswsock.dll
0x00007ff9e4810000 - 0x00007ff9e4822000 	C:\Program Files\Java\jdk1.8.0_202\jre\bin\nio.dll
0x00007ff9c7e90000 - 0x00007ff9c7ea7000 	C:\Windows\system32\napinsp.dll
0x00007ff9c7e70000 - 0x00007ff9c7e8b000 	C:\Windows\system32\pnrpnsp.dll
0x00007ff9ea890000 - 0x00007ff9ea989000 	C:\Windows\SYSTEM32\DNSAPI.dll
0x00007ff9ea860000 - 0x00007ff9ea88d000 	C:\Windows\SYSTEM32\IPHLPAPI.DLL
0x00007ff9ee1b0000 - 0x00007ff9ee1b9000 	C:\Windows\System32\NSI.dll
0x00007ff9c7e50000 - 0x00007ff9c7e61000 	C:\Windows\System32\winrnr.dll
0x00007ff9c7e10000 - 0x00007ff9c7e25000 	C:\Windows\system32\wshbth.dll
0x00007ff9c7d30000 - 0x00007ff9c7d51000 	C:\Windows\system32\nlansp_c.dll
0x0000000060a70000 - 0x0000000060a96000 	C:\Program Files\Bonjour\mdnsNSP.dll
0x00007ff9e6450000 - 0x00007ff9e645a000 	C:\Windows\System32\rasadhlp.dll
0x00007ff9e62e0000 - 0x00007ff9e6363000 	C:\Windows\System32\fwpuclnt.dll
0x00007ff9eb4c0000 - 0x00007ff9eb4db000 	C:\Windows\SYSTEM32\CRYPTSP.dll
0x00007ff9ead80000 - 0x00007ff9eadb5000 	C:\Windows\system32\rsaenh.dll
0x00007ff9eb360000 - 0x00007ff9eb38c000 	C:\Windows\SYSTEM32\USERENV.dll
0x00007ff9ebd30000 - 0x00007ff9ebdaa000 	C:\Windows\System32\bcryptprimitives.dll
0x00007ff9eb4e0000 - 0x00007ff9eb4ec000 	C:\Windows\SYSTEM32\CRYPTBASE.dll
0x00007ff9e6550000 - 0x00007ff9e6569000 	C:\Windows\SYSTEM32\dhcpcsvc6.DLL
0x00007ff9e6460000 - 0x00007ff9e647f000 	C:\Windows\SYSTEM32\dhcpcsvc.DLL
0x00007ff9e1c00000 - 0x00007ff9e1c24000 	C:\Program Files\Java\jdk1.8.0_202\jre\bin\sunec.dll
0x00007ff9e4800000 - 0x00007ff9e480b000 	C:\Program Files\Java\jdk1.8.0_202\jre\bin\sunmscapi.dll
0x00007ff9ec4b0000 - 0x00007ff9ec616000 	C:\Windows\System32\CRYPT32.dll
0x00007ff96bdb0000 - 0x00007ff96bf49000 	C:\Program Files\Java\jdk1.8.0_202\jre\bin\awt.dll
0x00007ff9ee5a0000 - 0x00007ff9ee677000 	C:\Windows\System32\OLEAUT32.dll
0x00007ff9e8ac0000 - 0x00007ff9e8b57000 	C:\Windows\SYSTEM32\apphelp.dll
0x00007ff9e8bc0000 - 0x00007ff9e8c6b000 	C:\Windows\system32\uxtheme.dll
0x00007ff9ec790000 - 0x00007ff9ec8e4000 	C:\Windows\System32\MSCTF.dll
0x00007ff9ed460000 - 0x00007ff9ed5ff000 	C:\Windows\System32\ole32.dll
0x00007ff9eae20000 - 0x00007ff9eae38000 	C:\Windows\SYSTEM32\kernel.appcore.dll
0x00007ff9e8e40000 - 0x00007ff9e8e6b000 	C:\Windows\system32\DWMAPI.DLL
0x00007ff9b6260000 - 0x00007ff9b6360000 	C:\Windows\system32\opengl32.dll
0x00007ff9b6230000 - 0x00007ff9b625d000 	C:\Windows\SYSTEM32\GLU32.dll
0x00007ff9e8eb0000 - 0x00007ff9e8ee9000 	C:\Windows\SYSTEM32\dxcore.dll
0x00007ff9653a0000 - 0x00007ff965549000 	C:\Windows\system32\d3d9.dll
0x00007ff9decc0000 - 0x00007ff9dee7b000 	C:\Windows\System32\DriverStore\FileRepository\u0382030.inf_amd64_c27c1f19988d7c7e\B381533\aticfx64.dll
0x00007ff9dfa90000 - 0x00007ff9dfac4000 	C:\Windows\System32\DriverStore\FileRepository\u0382030.inf_amd64_c27c1f19988d7c7e\B381533\atiu9p64.dll
0x00007ff935c20000 - 0x00007ff936975000 	C:\Windows\System32\DriverStore\FileRepository\u0382030.inf_amd64_c27c1f19988d7c7e\B381533\atiumd64.dll
0x00007ff9e9610000 - 0x00007ff9e9843000 	C:\Windows\SYSTEM32\dbghelp.dll
0x00007ff9e9850000 - 0x00007ff9e9882000 	C:\Windows\SYSTEM32\dbgcore.DLL
0x000000005e910000 - 0x000000005f836000 	C:\Windows\System32\DriverStore\FileRepository\u0382030.inf_amd64_c27c1f19988d7c7e\B381533\atiumd6a.dll
0x00007ff9ed600000 - 0x00007ff9eda74000 	C:\Windows\System32\SETUPAPI.dll
0x00007ff9eab80000 - 0x00007ff9eabcd000 	C:\Windows\SYSTEM32\POWRPROF.dll
0x00007ff9eab60000 - 0x00007ff9eab73000 	C:\Windows\SYSTEM32\UMPDC.dll
0x00007ff9dcd00000 - 0x00007ff9dcd35000 	C:\Windows\SYSTEM32\amdihk64.dll
0x00007ff9e3410000 - 0x00007ff9e345a000 	C:\Windows\SYSTEM32\directxdatabasehelper.dll
0x00007ff9e0060000 - 0x00007ff9e0089000 	C:\Users\Asus\AppData\Local\Temp\BridJExtractedLibraries4163275093257902819\bridj.dll
0x00007ff9db3b0000 - 0x00007ff9db3e6000 	C:\Users\Asus\AppData\Local\Temp\BridJExtractedLibraries4163275093257902819\OpenIMAJGrabber.dll
0x00007ff9ee680000 - 0x00007ff9ee730000 	C:\Windows\System32\clbcatq.dll
0x00007ff9da680000 - 0x00007ff9da6a1000 	C:\Windows\System32\devenum.dll
0x00007ff9eba20000 - 0x00007ff9eba6e000 	C:\Windows\System32\CFGMGR32.dll
0x00007ff9eae40000 - 0x00007ff9eae74000 	C:\Windows\SYSTEM32\ntmarta.dll
0x00007ff9eb9f0000 - 0x00007ff9eba1c000 	C:\Windows\SYSTEM32\DEVOBJ.dll
0x00007ff9ebe70000 - 0x00007ff9ebedb000 	C:\Windows\System32\WINTRUST.dll
0x00007ff9eb9d0000 - 0x00007ff9eb9e2000 	C:\Windows\SYSTEM32\MSASN1.dll
0x00007ff9bf330000 - 0x00007ff9bf33b000 	C:\Windows\SYSTEM32\msdmo.dll
0x00007ff9d02f0000 - 0x00007ff9d0329000 	C:\Windows\System32\qcap.dll
0x00007ff95e640000 - 0x00007ff95e827000 	C:\Windows\System32\quartz.dll
0x00007ff9d02b0000 - 0x00007ff9d02eb000 	C:\Windows\System32\mfksproxy.dll
0x00007ff968740000 - 0x00007ff96875e000 	C:\Windows\System32\ATL.DLL
0x00007ff9dbae0000 - 0x00007ff9dbcae000 	C:\Windows\System32\MFPlat.DLL
0x00007ff9db670000 - 0x00007ff9db6a3000 	C:\Windows\System32\RTWorkQ.DLL
0x00007ff9d0190000 - 0x00007ff9d01d6000 	C:\Windows\System32\FrameServerMonitorClient.dll
0x00007ff9d0080000 - 0x00007ff9d00ff000 	C:\Windows\System32\MFSENSORGROUP.dll
0x00007ff9d0020000 - 0x00007ff9d007d000 	C:\Windows\System32\ksproxy.ax
0x00007ff9e5150000 - 0x00007ff9e5159000 	C:\Windows\System32\ksuser.dll
0x00007ff9c5ec0000 - 0x00007ff9c5f55000 	C:\Windows\System32\Windows.Media.MediaControl.dll
0x00007ff9dfc90000 - 0x00007ff9dfd2d000 	C:\Windows\System32\MMDevAPI.DLL
0x00007ff9e1bf0000 - 0x00007ff9e1bff000 	C:\Windows\System32\vidcap.ax
0x00007ff9d0160000 - 0x00007ff9d0186000 	C:\Windows\System32\kswdmcap.ax
0x00007ff986370000 - 0x00007ff98641f000 	C:\Windows\System32\qedit.dll
0x00007ff9ee050000 - 0x00007ff9ee149000 	C:\Windows\System32\COMDLG32.dll
0x00007ff9c8390000 - 0x00007ff9c83bb000 	C:\Windows\System32\MSVFW32.dll
0x00007ff9d1090000 - 0x00007ff9d124a000 	C:\Windows\WinSxS\amd64_microsoft.windows.gdiplus_6595b64144ccf1df_1.1.22621.3085_none_57ff6980ce140777\gdiplus.dll
0x00007ff967920000 - 0x00007ff967a1e000 	C:\Windows\System32\DDRAW.dll
0x00007ff97e710000 - 0x00007ff97e719000 	C:\Windows\System32\DCIMAN32.dll
0x00007ff9e8d30000 - 0x00007ff9e8e28000 	C:\Windows\System32\dxgi.dll
0x00007ff9d1820000 - 0x00007ff9d1849000 	C:\Windows\SYSTEM32\WINMMBASE.dll
0x00007ff9dfa80000 - 0x00007ff9dfa8c000 	C:\Windows\SYSTEM32\msyuv.dll
0x00007ff9c15b0000 - 0x00007ff9c15fb000 	C:\Windows\System32\CapabilityAccessManagerClient.dll
0x00007ff9c5e70000 - 0x00007ff9c5eb7000 	C:\Program Files\Java\jdk1.8.0_202\jre\bin\fontmanager.dll
0x00007ff9be850000 - 0x00007ff9be892000 	C:\Program Files\Java\jdk1.8.0_202\jre\bin\t2k.dll
0x00007ff9cd540000 - 0x00007ff9cd68a000 	C:\Windows\SYSTEM32\textinputframework.dll
0x00007ff9bf420000 - 0x00007ff9bf44a000 	C:\Program Files\Java\jdk1.8.0_202\jre\bin\dcpr.dll
0x00007ff9e8930000 - 0x00007ff9e8a64000 	C:\Windows\SYSTEM32\CoreMessaging.dll
0x00007ff9e15d0000 - 0x00007ff9e193c000 	C:\Windows\SYSTEM32\CoreUIComponents.dll
0x000000006e740000 - 0x000000006fda5000 	C:\Users\Asus\AppData\Local\Temp\xuggle\xuggle5944280523490384327.dll
0x00007ff9df070000 - 0x00007ff9df08a000 	C:\Windows\SYSTEM32\AVICAP32.dll

VM Arguments:
jvm_args: -Dcom.sun.management.jmxremote -Dcom.sun.management.jmxremote.port=53919 -Dcom.sun.management.jmxremote.authenticate=false -Dcom.sun.management.jmxremote.ssl=false -Djava.rmi.server.hostname=localhost -Dspring.jmx.enabled=true -Dspring.application.admin.enabled=true -XX:TieredStopAtLevel=1 -Dspring.boot.project.name=webcamIntegration -Dfile.encoding=UTF-8 
java_command: com.webcamIntegration.WebcamIntegrationApplication --spring.output.ansi.enabled=always
java_class_path (initial): D:\STS 18MAY\webcamIntegration\target\classes;C:\Users\Asus\Downloads\xuggle-xuggler-5.4 (1).jar;C:\Users\Asus\.m2\repository\org\springframework\boot\spring-boot-starter-web\2.7.12\spring-boot-starter-web-2.7.12.jar;C:\Users\Asus\.m2\repository\org\springframework\boot\spring-boot-starter\2.7.12\spring-boot-starter-2.7.12.jar;C:\Users\Asus\.m2\repository\org\springframework\boot\spring-boot\2.7.12\spring-boot-2.7.12.jar;C:\Users\Asus\.m2\repository\org\springframework\boot\spring-boot-autoconfigure\2.7.12\spring-boot-autoconfigure-2.7.12.jar;C:\Users\Asus\.m2\repository\org\springframework\boot\spring-boot-starter-logging\2.7.12\spring-boot-starter-logging-2.7.12.jar;C:\Users\Asus\.m2\repository\ch\qos\logback\logback-classic\1.2.12\logback-classic-1.2.12.jar;C:\Users\Asus\.m2\repository\ch\qos\logback\logback-core\1.2.12\logback-core-1.2.12.jar;C:\Users\Asus\.m2\repository\org\apache\logging\log4j\log4j-to-slf4j\2.17.2\log4j-to-slf4j-2.17.2.jar;C:\Users\Asus\.m2\repository\org\apache\logging\log4j\log4j-api\2.17.2\log4j-api-2.17.2.jar;C:\Users\Asus\.m2\repository\org\slf4j\jul-to-slf4j\1.7.36\jul-to-slf4j-1.7.36.jar;C:\Users\Asus\.m2\repository\jakarta\annotation\jakarta.annotation-api\1.3.5\jakarta.annotation-api-1.3.5.jar;C:\Users\Asus\.m2\repository\org\yaml\snakeyaml\1.30\snakeyaml-1.30.jar;C:\Users\Asus\.m2\repository\org\springframework\boot\spring-boot-starter-json\2.7.12\spring-boot-starter-json-2.7.12.jar;C:\Users\Asus\.m2\repository\com\fasterxml\jackson\core\jackson-databind\2.13.5\jackson-databind-2.13.5.jar;C:\Users\Asus\.m2\repository\com\fasterxml\jackson\core\jackson-annotations\2.13.5\jackson-annotations-2.13.5.jar;C:\Users\Asus\.m2\repository\com\fasterxml\jackson\core\jackson-core\2.13.5\jackson-core-2.13.5.jar;C:\Users\Asus\.m2\repository\com\fasterxml\jackson\datatype\jackson-datatype-jdk8\2.13.5\jackson-datatype-jdk8-2.13.5.jar;C:\Users\Asus\.m2\repository\com\fasterxml\jackson\datatype\jackson-datatype-jsr310\2.1
Launcher Type: SUN_STANDARD

Environment Variables:
JAVA_HOME=C:\Program Files\Java\jdk-21
PATH=C:/Users/Asus/OneDrive/Desktop/STS 18MAY/sts-4.8.1.RELEASE//plugins/org.eclipse.justj.openjdk.hotspot.jre.full.win32.x86_64_15.0.0.v20201014-1246/jre/bin/server;C:/Users/Asus/OneDrive/Desktop/STS 18MAY/sts-4.8.1.RELEASE//plugins/org.eclipse.justj.openjdk.hotspot.jre.full.win32.x86_64_15.0.0.v20201014-1246/jre/bin;C:\Program Files (x86)\NVIDIA Corporation\PhysX\Common;C:\Windows\system32;C:\Windows;C:\Windows\System32\Wbem;C:\Windows\System32\WindowsPowerShell\v1.0\;C:\Windows\System32\OpenSSH\;C:\Program Files\Microsoft SQL Server\Client SDK\ODBC\110\Tools\Binn\;C:\Program Files (x86)\Microsoft SQL Server\120\Tools\Binn\;C:\Program Files\Microsoft SQL Server\120\Tools\Binn\;C:\Program Files\Microsoft SQL Server\120\DTS\Binn\;C:\Program Files\NVIDIA Corporation\NVIDIA NvDLISR;C:\Program Files\dotnet\;C:\Program Files\Java\jdk-21\bin;C:\Program Files\Git\cmd;C:\Program Files\apache-maven-3.9.6\bin;C:\Program Files\MySQL\MySQL Shell 8.0\bin\;C:\Users\Asus\AppData\Local\Microsoft\WindowsApps;;C:\Users\Asus\OneDrive\Desktop\STS 18MAY\sts-4.8.1.RELEASE;
USERNAME=Asus
OS=Windows_NT
PROCESSOR_IDENTIFIER=AMD64 Family 25 Model 80 Stepping 0, AuthenticAMD



---------------  S Y S T E M  ---------------

OS: Windows 10.0 , 64 bit Build 22621 (10.0.22621.3235)

CPU:total 16 (initial active 16) (16 cores per cpu, 1 threads per core) family 25 model 80 stepping 0, cmov, cx8, fxsr, mmx, sse, sse2, sse3, ssse3, sse4.1, sse4.2, popcnt, avx, avx2, aes, clmul, erms, mmxext, 3dnowpref, lzcnt, sse4a, tsc, tscinvbit, tscinv, bmi1

Memory: 4k page, physical 7765196k(1291936k free), swap 18209996k(5449736k free)

vm_info: Java HotSpot(TM) 64-Bit Server VM (25.202-b08) for windows-amd64 JRE (1.8.0_202-b08), built on Dec 15 2018 19:54:30 by "java_re" with MS VC++ 10.0 (VS2010)

time: Sun Mar 03 16:29:17 2024
timezone: India Standard Time
elapsed time: 21 seconds (0d 0h 0m 21s)

