#
# A fatal error has been detected by the Java Runtime Environment:
#
#  EXCEPTION_ACCESS_VIOLATION (0xc0000005) at pc=0x000000006eef08b0, pid=16240, tid=0x00000000000045dc
#
# JRE version: Java(TM) SE Runtime Environment (8.0_202-b08) (build 1.8.0_202-b08)
# Java VM: Java HotSpot(TM) 64-Bit Server VM (25.202-b08 mixed mode windows-amd64 compressed oops)
# Problematic frame:
# C  [xuggle3946675895347423913.dll+0x7b08b0]
#
# Failed to write core dump. Minidumps are not enabled by default on client versions of Windows
#
# If you would like to submit a bug report, please visit:
#   http://bugreport.java.com/bugreport/crash.jsp
# The crash happened outside the Java Virtual Machine in native code.
# See problematic frame for where to report the bug.
#

---------------  T H R E A D  ---------------

Current thread (0x000000001de7a800):  JavaThread "SwingWorker-pool-1-thread-2" daemon [_thread_in_native, id=17884, stack(0x000000002c540000,0x000000002c640000)]

siginfo: ExceptionCode=0xc0000005, reading address 0x00000000000025fc

Registers:
RAX=0x000000001bdfd490, RBX=0x00000000337e7b30, RCX=0x0000000000021fa0, RDX=0x0000000000000000
RSP=0x000000002c63db30, RBP=0x000000002cb5a9a0, RSI=0x0000000000000000, RDI=0x0000000000000002
R8 =0x0000000000003fe6, R9 =0x0000000000000003, R10=0x000000002c63da60, R11=0x00000000315e4b00
R12=0x0000000000000000, R13=0x00000000000000e0, R14=0x0000000000000000, R15=0x00000000000000e0
RIP=0x000000006eef08b0, EFLAGS=0x0000000000010246

Top of Stack: (sp=0x000000002c63db30)
0x000000002c63db30:   00000000029f6e60 00000000170ec240
0x000000002c63db40:   0000000000000000 0000000000000000
0x000000002c63db50:   00000000c166d4fe 0000000000000000
0x000000002c63db60:   000000000000001d 000000006eeeec8f
0x000000002c63db70:   000000001de7a800 000000001c951808
0x000000002c63db80:   00000000170ec740 000000001de7a800
0x000000002c63db90:   000000002c63deb8 000000006e7ef46c
0x000000002c63dba0:   000000001de7a800 000000001972f0d0
0x000000002c63dbb0:   8787868687868584 8b8d8d8d8d8d8d8b
0x000000002c63dbc0:   8484858687878784 8a8b8d8d8d8d8d8c
0x000000002c63dbd0:   8486878687878685 8b8d8f8f8e8d8b8a
0x000000002c63dbe0:   8486858584858584 8c908f8d8c8b8c8a
0x000000002c63dbf0:   8384838384848484 8c8f8d8a8a8a8b8b
0x000000002c63dc00:   8184848484848483 8c8f8d8988898a8c
0x000000002c63dc10:   8184848484838485 8d8f8e8b8a888a8c
0x000000002c63dc20:   8283848483838484 8d8e8e8c89888989 

Instructions: (pc=0x000000006eef08b0)
0x000000006eef0890:   6a 5e 00 83 ea 01 f3 0f 10 50 04 48 63 d2 f3 0f
0x000000006eef08a0:   59 d3 85 f6 48 8b 94 d5 90 50 00 00 66 0f 5a f0
0x000000006eef08b0:   f3 0f 2a 8a fc 25 00 00 f3 0f 59 08 f3 0f 58 48
0x000000006eef08c0:   0c f3 0f 59 d6 f3 0f 59 f3 f3 0f 5e ca 0f 14 c9 


Register to memory mapping:

RAX=0x000000001bdfd490 is an unknown value
RBX=0x00000000337e7b30 is an unknown value
RCX=0x0000000000021fa0 is an unknown value
RDX=0x0000000000000000 is an unknown value
RSP=0x000000002c63db30 is pointing into the stack for thread: 0x000000001de7a800
RBP=0x000000002cb5a9a0 is an unknown value
RSI=0x0000000000000000 is an unknown value
RDI=0x0000000000000002 is an unknown value
R8 =0x0000000000003fe6 is an unknown value
R9 =0x0000000000000003 is an unknown value
R10=0x000000002c63da60 is pointing into the stack for thread: 0x000000001de7a800
R11=0x00000000315e4b00 is an unknown value
R12=0x0000000000000000 is an unknown value
R13=0x00000000000000e0 is an unknown value
R14=0x0000000000000000 is an unknown value
R15=0x00000000000000e0 is an unknown value


Stack: [0x000000002c540000,0x000000002c640000],  sp=0x000000002c63db30,  free space=1014k
Native frames: (J=compiled Java code, j=interpreted, Vv=VM code, C=native code)
C  [xuggle3946675895347423913.dll+0x7b08b0]

Java frames: (J=compiled Java code, j=interpreted, Vv=VM code)
j  com.xuggle.xuggler.XugglerJNI.IStreamCoder_encodeVideo(JLcom/xuggle/xuggler/IStreamCoder;JLcom/xuggle/xuggler/IPacket;JLcom/xuggle/xuggler/IVideoPicture;I)I+0
j  com.xuggle.xuggler.IStreamCoder.encodeVideo(Lcom/xuggle/xuggler/IPacket;Lcom/xuggle/xuggler/IVideoPicture;I)I+16
j  com.xuggle.mediatool.MediaWriter.encodeVideo(ILcom/xuggle/xuggler/IVideoPicture;Ljava/awt/image/BufferedImage;)V+141
j  com.xuggle.mediatool.MediaWriter.encodeVideo(ILcom/xuggle/xuggler/IVideoPicture;)V+4
j  com.webcamIntegration.config.JFrameConfig$3.doInBackground()Ljava/lang/Void;+73
j  com.webcamIntegration.config.JFrameConfig$3.doInBackground()Ljava/lang/Object;+1
j  javax.swing.SwingWorker$1.call()Ljava/lang/Object;+14
j  java.util.concurrent.FutureTask.run()V+42
j  javax.swing.SwingWorker.run()V+4
j  java.util.concurrent.ThreadPoolExecutor.runWorker(Ljava/util/concurrent/ThreadPoolExecutor$Worker;)V+95
j  java.util.concurrent.ThreadPoolExecutor$Worker.run()V+5
j  java.lang.Thread.run()V+11
v  ~StubRoutines::call_stub

---------------  P R O C E S S  ---------------

Java Threads: ( => current thread )
=>0x000000001de7a800 JavaThread "SwingWorker-pool-1-thread-2" daemon [_thread_in_native, id=17884, stack(0x000000002c540000,0x000000002c640000)]
  0x000000001de7f000 JavaThread "notificator-[W100 0]" daemon [_thread_blocked, id=5892, stack(0x000000002aa70000,0x000000002ab70000)]
  0x000000001de81000 JavaThread "D3D Screen Updater" daemon [_thread_blocked, id=18784, stack(0x0000000029960000,0x0000000029a60000)]
  0x000000001de79800 JavaThread "webcam-panel-scheduled-executor-1" daemon [_thread_blocked, id=18580, stack(0x0000000029c60000,0x0000000029d60000)]
  0x000000001de78000 JavaThread "TimerQueue" daemon [_thread_blocked, id=19152, stack(0x0000000029b60000,0x0000000029c60000)]
  0x000000001de79000 JavaThread "SwingWorker-pool-1-thread-1" daemon [_thread_blocked, id=14416, stack(0x0000000029a60000,0x0000000029b60000)]
  0x000000001c3ec800 JavaThread "frames-refresher-[0]" daemon [_thread_blocked, id=7204, stack(0x0000000028790000,0x0000000028890000)]
  0x000000001c3f1000 JavaThread "webcam-lock-[W100 0]" daemon [_thread_blocked, id=18092, stack(0x0000000027930000,0x0000000027a30000)]
  0x000000001c3ed000 JavaThread "webcam-discovery-service" daemon [_thread_blocked, id=17364, stack(0x00000000273f0000,0x00000000274f0000)]
  0x000000001c3f3000 JavaThread "atomic-processor-1" daemon [_thread_in_native, id=16196, stack(0x00000000274f0000,0x00000000275f0000)]
  0x000000001c3f0000 JavaThread "AWT-EventQueue-0" [_thread_in_native, id=1648, stack(0x0000000021350000,0x0000000021450000)]
  0x000000001c3f2800 JavaThread "AWT-Windows" daemon [_thread_in_native, id=2208, stack(0x00000000210f0000,0x00000000211f0000)]
  0x000000001c3ee800 JavaThread "AWT-Shutdown" [_thread_blocked, id=19380, stack(0x0000000020ff0000,0x00000000210f0000)]
  0x000000001c3ef800 JavaThread "Java2D Disposer" daemon [_thread_blocked, id=9736, stack(0x0000000020ef0000,0x0000000020ff0000)]
  0x000000001c3e7000 JavaThread "DestroyJavaVM" [_thread_blocked, id=4652, stack(0x00000000027b0000,0x00000000028b0000)]
  0x000000001c3eb800 JavaThread "http-nio-8080-Acceptor" daemon [_thread_in_native, id=4640, stack(0x00000000209f0000,0x0000000020af0000)]
  0x000000001c3ee000 JavaThread "http-nio-8080-Poller" daemon [_thread_in_native, id=7744, stack(0x00000000208f0000,0x00000000209f0000)]
  0x000000001c3e5800 JavaThread "http-nio-8080-exec-10" daemon [_thread_blocked, id=17624, stack(0x00000000207f0000,0x00000000208f0000)]
  0x000000001c3e4000 JavaThread "http-nio-8080-exec-9" daemon [_thread_blocked, id=18396, stack(0x00000000206f0000,0x00000000207f0000)]
  0x000000001c3eb000 JavaThread "http-nio-8080-exec-8" daemon [_thread_blocked, id=18572, stack(0x00000000205f0000,0x00000000206f0000)]
  0x000000001c3e9800 JavaThread "http-nio-8080-exec-7" daemon [_thread_blocked, id=15560, stack(0x00000000204f0000,0x00000000205f0000)]
  0x000000001c3e8800 JavaThread "http-nio-8080-exec-6" daemon [_thread_blocked, id=11992, stack(0x00000000203f0000,0x00000000204f0000)]
  0x000000001c3e6800 JavaThread "http-nio-8080-exec-5" daemon [_thread_blocked, id=19384, stack(0x00000000202f0000,0x00000000203f0000)]
  0x000000001c3e8000 JavaThread "http-nio-8080-exec-4" daemon [_thread_blocked, id=18528, stack(0x00000000201f0000,0x00000000202f0000)]
  0x000000001c3e5000 JavaThread "http-nio-8080-exec-3" daemon [_thread_blocked, id=19064, stack(0x00000000200f0000,0x00000000201f0000)]
  0x000000001c3ea000 JavaThread "http-nio-8080-exec-2" daemon [_thread_blocked, id=18712, stack(0x000000001fff0000,0x00000000200f0000)]
  0x000000001945d000 JavaThread "http-nio-8080-exec-1" daemon [_thread_blocked, id=18456, stack(0x000000001fef0000,0x000000001fff0000)]
  0x000000001e3e2000 JavaThread "container-0" [_thread_blocked, id=14116, stack(0x000000001f9f0000,0x000000001faf0000)]
  0x000000001e3e1000 JavaThread "Catalina-utility-2" [_thread_blocked, id=8752, stack(0x000000001f8f0000,0x000000001f9f0000)]
  0x000000001e3e0800 JavaThread "Catalina-utility-1" [_thread_blocked, id=12952, stack(0x000000001da20000,0x000000001db20000)]
  0x000000001c890000 JavaThread "JMX server connection timeout 26" daemon [_thread_blocked, id=18188, stack(0x000000001d720000,0x000000001d820000)]
  0x000000001c7fb000 JavaThread "RMI TCP Connection(idle)" daemon [_thread_blocked, id=4088, stack(0x000000001d420000,0x000000001d520000)]
  0x000000001c7fa800 JavaThread "RMI Scheduler(0)" daemon [_thread_blocked, id=18780, stack(0x000000001d320000,0x000000001d420000)]
  0x000000001c814800 JavaThread "RMI TCP Connection(idle)" daemon [_thread_blocked, id=18100, stack(0x000000001d220000,0x000000001d320000)]
  0x000000001c5c2000 JavaThread "RMI TCP Accept-0" daemon [_thread_in_native, id=1240, stack(0x000000001ccd0000,0x000000001cdd0000)]
  0x000000001c5bf000 JavaThread "RMI TCP Accept-53837" daemon [_thread_in_native, id=784, stack(0x000000001cbd0000,0x000000001ccd0000)]
  0x000000001c5a9800 JavaThread "RMI TCP Accept-0" daemon [_thread_in_native, id=18348, stack(0x000000001cad0000,0x000000001cbd0000)]
  0x0000000019515800 JavaThread "Service Thread" daemon [_thread_blocked, id=3840, stack(0x000000001bcd0000,0x000000001bdd0000)]
  0x000000001945c000 JavaThread "C1 CompilerThread11" daemon [_thread_blocked, id=8812, stack(0x000000001bbd0000,0x000000001bcd0000)]
  0x000000001945a800 JavaThread "C1 CompilerThread10" daemon [_thread_blocked, id=3672, stack(0x000000001bad0000,0x000000001bbd0000)]
  0x000000001945a000 JavaThread "C1 CompilerThread9" daemon [_thread_blocked, id=9356, stack(0x000000001b9d0000,0x000000001bad0000)]
  0x000000001945b800 JavaThread "C1 CompilerThread8" daemon [_thread_blocked, id=17656, stack(0x000000001b8d0000,0x000000001b9d0000)]
  0x0000000019460000 JavaThread "C2 CompilerThread7" daemon [_thread_blocked, id=9636, stack(0x000000001b7d0000,0x000000001b8d0000)]
  0x000000001945d800 JavaThread "C2 CompilerThread6" daemon [_thread_blocked, id=16704, stack(0x000000001b6d0000,0x000000001b7d0000)]
  0x000000001945e800 JavaThread "C2 CompilerThread5" daemon [_thread_blocked, id=17928, stack(0x000000001b5d0000,0x000000001b6d0000)]
  0x000000001945f000 JavaThread "C2 CompilerThread4" daemon [_thread_blocked, id=12204, stack(0x000000001b4d0000,0x000000001b5d0000)]
  0x0000000019460800 JavaThread "C2 CompilerThread3" daemon [_thread_blocked, id=11960, stack(0x000000001b3d0000,0x000000001b4d0000)]
  0x0000000019456800 JavaThread "C2 CompilerThread2" daemon [_thread_blocked, id=6968, stack(0x000000001b2d0000,0x000000001b3d0000)]
  0x0000000019448000 JavaThread "C2 CompilerThread1" daemon [_thread_blocked, id=2436, stack(0x000000001b1d0000,0x000000001b2d0000)]
  0x0000000019446800 JavaThread "C2 CompilerThread0" daemon [_thread_blocked, id=18508, stack(0x000000001b0d0000,0x000000001b1d0000)]
  0x0000000019446000 JavaThread "Attach Listener" daemon [_thread_blocked, id=18604, stack(0x000000001afd0000,0x000000001b0d0000)]
  0x0000000019440000 JavaThread "Signal Dispatcher" daemon [_thread_blocked, id=14776, stack(0x000000001aed0000,0x000000001afd0000)]
  0x00000000179a5000 JavaThread "Finalizer" daemon [_thread_blocked, id=18848, stack(0x000000001ac90000,0x000000001ad90000)]
  0x0000000019426000 JavaThread "Reference Handler" daemon [_thread_blocked, id=11692, stack(0x000000001ab90000,0x000000001ac90000)]

Other Threads:
  0x0000000019403800 VMThread [stack: 0x000000001aa90000,0x000000001ab90000] [id=12248]
  0x000000001c5c4800 WatcherThread [stack: 0x000000001cdd0000,0x000000001ced0000] [id=19216]

VM state:not at safepoint (normal execution)

VM Mutex/Monitor currently owned by a thread: None

heap address: 0x0000000089800000, size: 1896 MB, Compressed Oops mode: 32-bit
Narrow klass base: 0x0000000000000000, Narrow klass shift: 3
Compressed class space size: 1073741824 Address: 0x0000000100000000

Heap:
 PSYoungGen      total 227840K, used 23796K [0x00000000d8800000, 0x00000000e7a80000, 0x0000000100000000)
  eden space 220672K, 9% used [0x00000000d8800000,0x00000000d9c06a00,0x00000000e5f80000)
  from space 7168K, 45% used [0x00000000e7380000,0x00000000e76b68c8,0x00000000e7a80000)
  to   space 13824K, 0% used [0x00000000e5f80000,0x00000000e5f80000,0x00000000e6d00000)
 ParOldGen       total 74752K, used 17171K [0x0000000089800000, 0x000000008e100000, 0x00000000d8800000)
  object space 74752K, 22% used [0x0000000089800000,0x000000008a8c4da8,0x000000008e100000)
 Metaspace       used 45773K, capacity 48184K, committed 48384K, reserved 1091584K
  class space    used 6197K, capacity 6653K, committed 6656K, reserved 1048576K

Card table byte_map: [0x0000000011d70000,0x0000000012130000] byte_map_base: 0x0000000011924000

Marking Bits: (ParMarkBitMap*) 0x000000005e5c5ce0
 Begin Bits: [0x00000000130b0000, 0x0000000014e50000)
 End Bits:   [0x0000000014e50000, 0x0000000016bf0000)

Polling page: 0x00000000026c0000

CodeCache: size=245760Kb used=11045Kb max_used=11045Kb free=234714Kb
 bounds [0x00000000029b0000, 0x0000000003480000, 0x00000000119b0000]
 total_blobs=5544 nmethods=4862 adapters=592
 compilation: enabled

Compilation events (10 events):
Event: 46.590 Thread 0x000000001945a800 4923       1       java.awt.KeyboardFocusManager::checkKFMSecurity (11 bytes)
Event: 46.591 Thread 0x000000001945a800 nmethod 4923 0x0000000003478310 code [0x00000000034784a0, 0x00000000034786f8]
Event: 46.833 Thread 0x000000001945a000 4924       1       com.xuggle.xuggler.IPacket::make (24 bytes)
Event: 46.834 Thread 0x000000001945a000 nmethod 4924 0x0000000003478850 code [0x00000000034789e0, 0x0000000003478c98]
Event: 46.899 Thread 0x000000001945c000 4926       1       com.xuggle.xuggler.IPacket::<init> (15 bytes)
Event: 46.899 Thread 0x000000001945c000 nmethod 4926 0x0000000003479210 code [0x0000000003479380, 0x00000000034795c8]
Event: 46.901 Thread 0x000000001945b800 4928       1       com.xuggle.xuggler.IStreamCoder::encodeVideo (20 bytes)
Event: 46.901 Thread 0x000000001945b800 nmethod 4928 0x0000000003479750 code [0x00000000034798e0, 0x0000000003479c48]
Event: 46.947 Thread 0x000000001945a800 4930       1       com.xuggle.xuggler.IPacket::isComplete (9 bytes)
Event: 46.948 Thread 0x000000001945a800 nmethod 4930 0x000000000347aa50 code [0x000000000347aba0, 0x000000000347ace8]

GC Heap History (10 events):
Event: 27.768 GC heap before
{Heap before GC invocations=12 (full 2):
 PSYoungGen      total 142848K, used 135589K [0x00000000d8800000, 0x00000000e3f80000, 0x0000000100000000)
  eden space 128512K, 99% used [0x00000000d8800000,0x00000000e0532598,0x00000000e0580000)
  from space 14336K, 51% used [0x00000000e0580000,0x00000000e0cb7200,0x00000000e1380000)
  to   space 13824K, 0% used [0x00000000e3200000,0x00000000e3200000,0x00000000e3f80000)
 ParOldGen       total 74752K, used 12302K [0x0000000089800000, 0x000000008e100000, 0x00000000d8800000)
  object space 74752K, 16% used [0x0000000089800000,0x000000008a403930,0x000000008e100000)
 Metaspace       used 45762K, capacity 48120K, committed 48384K, reserved 1091584K
  class space    used 6195K, capacity 6653K, committed 6656K, reserved 1048576K
Event: 27.774 GC heap after
Heap after GC invocations=12 (full 2):
 PSYoungGen      total 173568K, used 2196K [0x00000000d8800000, 0x00000000e4580000, 0x0000000100000000)
  eden space 159744K, 0% used [0x00000000d8800000,0x00000000d8800000,0x00000000e2400000)
  from space 13824K, 15% used [0x00000000e3200000,0x00000000e3425020,0x00000000e3f80000)
  to   space 14336K, 0% used [0x00000000e2400000,0x00000000e2400000,0x00000000e3200000)
 ParOldGen       total 74752K, used 17139K [0x0000000089800000, 0x000000008e100000, 0x00000000d8800000)
  object space 74752K, 22% used [0x0000000089800000,0x000000008a8bcda8,0x000000008e100000)
 Metaspace       used 45762K, capacity 48120K, committed 48384K, reserved 1091584K
  class space    used 6195K, capacity 6653K, committed 6656K, reserved 1048576K
}
Event: 31.962 GC heap before
{Heap before GC invocations=13 (full 2):
 PSYoungGen      total 173568K, used 161214K [0x00000000d8800000, 0x00000000e4580000, 0x0000000100000000)
  eden space 159744K, 99% used [0x00000000d8800000,0x00000000e234aaa8,0x00000000e2400000)
  from space 13824K, 15% used [0x00000000e3200000,0x00000000e3425020,0x00000000e3f80000)
  to   space 14336K, 0% used [0x00000000e2400000,0x00000000e2400000,0x00000000e3200000)
 ParOldGen       total 74752K, used 17139K [0x0000000089800000, 0x000000008e100000, 0x00000000d8800000)
  object space 74752K, 22% used [0x0000000089800000,0x000000008a8bcda8,0x000000008e100000)
 Metaspace       used 45769K, capacity 48184K, committed 48384K, reserved 1091584K
  class space    used 6197K, capacity 6653K, committed 6656K, reserved 1048576K
Event: 31.965 GC heap after
Heap after GC invocations=13 (full 2):
 PSYoungGen      total 174080K, used 2038K [0x00000000d8800000, 0x00000000e6680000, 0x0000000100000000)
  eden space 159744K, 0% used [0x00000000d8800000,0x00000000d8800000,0x00000000e2400000)
  from space 14336K, 14% used [0x00000000e2400000,0x00000000e25fd8b8,0x00000000e3200000)
  to   space 14336K, 0% used [0x00000000e5880000,0x00000000e5880000,0x00000000e6680000)
 ParOldGen       total 74752K, used 17147K [0x0000000089800000, 0x000000008e100000, 0x00000000d8800000)
  object space 74752K, 22% used [0x0000000089800000,0x000000008a8beda8,0x000000008e100000)
 Metaspace       used 45769K, capacity 48184K, committed 48384K, reserved 1091584K
  class space    used 6197K, capacity 6653K, committed 6656K, reserved 1048576K
}
Event: 36.233 GC heap before
{Heap before GC invocations=14 (full 2):
 PSYoungGen      total 174080K, used 161672K [0x00000000d8800000, 0x00000000e6680000, 0x0000000100000000)
  eden space 159744K, 99% used [0x00000000d8800000,0x00000000e23e4968,0x00000000e2400000)
  from space 14336K, 14% used [0x00000000e2400000,0x00000000e25fd8b8,0x00000000e3200000)
  to   space 14336K, 0% used [0x00000000e5880000,0x00000000e5880000,0x00000000e6680000)
 ParOldGen       total 74752K, used 17147K [0x0000000089800000, 0x000000008e100000, 0x00000000d8800000)
  object space 74752K, 22% used [0x0000000089800000,0x000000008a8beda8,0x000000008e100000)
 Metaspace       used 45770K, capacity 48184K, committed 48384K, reserved 1091584K
  class space    used 6197K, capacity 6653K, committed 6656K, reserved 1048576K
Event: 36.236 GC heap after
Heap after GC invocations=14 (full 2):
 PSYoungGen      total 201216K, used 3146K [0x00000000d8800000, 0x00000000e6080000, 0x0000000100000000)
  eden space 193024K, 0% used [0x00000000d8800000,0x00000000d8800000,0x00000000e4480000)
  from space 8192K, 38% used [0x00000000e5880000,0x00000000e5b928d8,0x00000000e6080000)
  to   space 14336K, 0% used [0x00000000e4480000,0x00000000e4480000,0x00000000e5280000)
 ParOldGen       total 74752K, used 17155K [0x0000000089800000, 0x000000008e100000, 0x00000000d8800000)
  object space 74752K, 22% used [0x0000000089800000,0x000000008a8c0da8,0x000000008e100000)
 Metaspace       used 45770K, capacity 48184K, committed 48384K, reserved 1091584K
  class space    used 6197K, capacity 6653K, committed 6656K, reserved 1048576K
}
Event: 41.382 GC heap before
{Heap before GC invocations=15 (full 2):
 PSYoungGen      total 201216K, used 195699K [0x00000000d8800000, 0x00000000e6080000, 0x0000000100000000)
  eden space 193024K, 99% used [0x00000000d8800000,0x00000000e440a6f8,0x00000000e4480000)
  from space 8192K, 38% used [0x00000000e5880000,0x00000000e5b928d8,0x00000000e6080000)
  to   space 14336K, 0% used [0x00000000e4480000,0x00000000e4480000,0x00000000e5280000)
 ParOldGen       total 74752K, used 17155K [0x0000000089800000, 0x000000008e100000, 0x00000000d8800000)
  object space 74752K, 22% used [0x0000000089800000,0x000000008a8c0da8,0x000000008e100000)
 Metaspace       used 45772K, capacity 48184K, committed 48384K, reserved 1091584K
  class space    used 6197K, capacity 6653K, committed 6656K, reserved 1048576K
Event: 41.389 GC heap after
Heap after GC invocations=15 (full 2):
 PSYoungGen      total 207360K, used 4012K [0x00000000d8800000, 0x00000000e8180000, 0x0000000100000000)
  eden space 193024K, 0% used [0x00000000d8800000,0x00000000d8800000,0x00000000e4480000)
  from space 14336K, 27% used [0x00000000e4480000,0x00000000e486b050,0x00000000e5280000)
  to   space 14336K, 0% used [0x00000000e7380000,0x00000000e7380000,0x00000000e8180000)
 ParOldGen       total 74752K, used 17163K [0x0000000089800000, 0x000000008e100000, 0x00000000d8800000)
  object space 74752K, 22% used [0x0000000089800000,0x000000008a8c2da8,0x000000008e100000)
 Metaspace       used 45772K, capacity 48184K, committed 48384K, reserved 1091584K
  class space    used 6197K, capacity 6653K, committed 6656K, reserved 1048576K
}
Event: 46.553 GC heap before
{Heap before GC invocations=16 (full 2):
 PSYoungGen      total 207360K, used 196937K [0x00000000d8800000, 0x00000000e8180000, 0x0000000100000000)
  eden space 193024K, 99% used [0x00000000d8800000,0x00000000e4467610,0x00000000e4480000)
  from space 14336K, 27% used [0x00000000e4480000,0x00000000e486b050,0x00000000e5280000)
  to   space 14336K, 0% used [0x00000000e7380000,0x00000000e7380000,0x00000000e8180000)
 ParOldGen       total 74752K, used 17163K [0x0000000089800000, 0x000000008e100000, 0x00000000d8800000)
  object space 74752K, 22% used [0x0000000089800000,0x000000008a8c2da8,0x000000008e100000)
 Metaspace       used 45772K, capacity 48184K, committed 48384K, reserved 1091584K
  class space    used 6197K, capacity 6653K, committed 6656K, reserved 1048576K
Event: 46.556 GC heap after
Heap after GC invocations=16 (full 2):
 PSYoungGen      total 227840K, used 3290K [0x00000000d8800000, 0x00000000e7a80000, 0x0000000100000000)
  eden space 220672K, 0% used [0x00000000d8800000,0x00000000d8800000,0x00000000e5f80000)
  from space 7168K, 45% used [0x00000000e7380000,0x00000000e76b68c8,0x00000000e7a80000)
  to   space 13824K, 0% used [0x00000000e5f80000,0x00000000e5f80000,0x00000000e6d00000)
 ParOldGen       total 74752K, used 17171K [0x0000000089800000, 0x000000008e100000, 0x00000000d8800000)
  object space 74752K, 22% used [0x0000000089800000,0x000000008a8c4da8,0x000000008e100000)
 Metaspace       used 45772K, capacity 48184K, committed 48384K, reserved 1091584K
  class space    used 6197K, capacity 6653K, committed 6656K, reserved 1048576K
}

Deoptimization events (0 events):
No events

Classes redefined (0 events):
No events

Internal exceptions (10 events):
Event: 19.763 Thread 0x000000001c3f3000 Exception <a 'java/lang/ArrayIndexOutOfBoundsException'> (0x00000000dc7f7750) thrown at [C:\re\workspace\8-2-build-windows-amd64-cygwin\jdk8u202\12323\hotspot\src\share\vm\runtime\sharedRuntime.cpp, line 605]
Event: 19.763 Thread 0x000000001c3f3000 Exception <a 'java/lang/ArrayIndexOutOfBoundsException'> (0x00000000dc7f8548) thrown at [C:\re\workspace\8-2-build-windows-amd64-cygwin\jdk8u202\12323\hotspot\src\share\vm\runtime\sharedRuntime.cpp, line 605]
Event: 19.763 Thread 0x000000001c3f3000 Exception <a 'java/lang/ArrayIndexOutOfBoundsException'> (0x00000000dc7f9618) thrown at [C:\re\workspace\8-2-build-windows-amd64-cygwin\jdk8u202\12323\hotspot\src\share\vm\runtime\sharedRuntime.cpp, line 605]
Event: 19.773 Thread 0x000000001c3f3000 Exception <a 'java/lang/ArrayIndexOutOfBoundsException'> (0x00000000dc7fd030) thrown at [C:\re\workspace\8-2-build-windows-amd64-cygwin\jdk8u202\12323\hotspot\src\share\vm\runtime\sharedRuntime.cpp, line 605]
Event: 19.774 Thread 0x000000001c3f3000 Exception <a 'java/lang/NoSuchMethodError': getDevice> (0x00000000dc800e18) thrown at [C:\re\workspace\8-2-build-windows-amd64-cygwin\jdk8u202\12323\hotspot\src\share\vm\prims\jni.cpp, line 1614]
Event: 19.774 Thread 0x000000001c3f3000 Exception <a 'java/lang/NoSuchMethodError': getNumDevices> (0x00000000dc801078) thrown at [C:\re\workspace\8-2-build-windows-amd64-cygwin\jdk8u202\12323\hotspot\src\share\vm\prims\jni.cpp, line 1614]
Event: 19.774 Thread 0x000000001c3f3000 Exception <a 'java/lang/ArrayIndexOutOfBoundsException'> (0x00000000dc805c00) thrown at [C:\re\workspace\8-2-build-windows-amd64-cygwin\jdk8u202\12323\hotspot\src\share\vm\runtime\sharedRuntime.cpp, line 605]
Event: 19.774 Thread 0x000000001c3f3000 Exception <a 'java/lang/ArrayIndexOutOfBoundsException'> (0x00000000dc808c68) thrown at [C:\re\workspace\8-2-build-windows-amd64-cygwin\jdk8u202\12323\hotspot\src\share\vm\runtime\sharedRuntime.cpp, line 605]
Event: 19.775 Thread 0x000000001c3f3000 Exception <a 'java/lang/NoSuchMethodError': getName> (0x00000000dc80b1f0) thrown at [C:\re\workspace\8-2-build-windows-amd64-cygwin\jdk8u202\12323\hotspot\src\share\vm\prims\jni.cpp, line 1614]
Event: 19.775 Thread 0x000000001c3f3000 Exception <a 'java/lang/NoSuchMethodError': getIdentifier> (0x00000000dc80b458) thrown at [C:\re\workspace\8-2-build-windows-amd64-cygwin\jdk8u202\12323\hotspot\src\share\vm\prims\jni.cpp, line 1614]

Events (10 events):
Event: 36.233 Executing VM operation: ParallelGCFailedAllocation
Event: 36.236 Executing VM operation: ParallelGCFailedAllocation done
Event: 36.237 Executing VM operation: BulkRevokeBias
Event: 36.237 Executing VM operation: BulkRevokeBias done
Event: 40.191 loading class java/awt/LightweightDispatcher$2
Event: 40.191 loading class java/awt/LightweightDispatcher$2 done
Event: 41.382 Executing VM operation: ParallelGCFailedAllocation
Event: 41.389 Executing VM operation: ParallelGCFailedAllocation done
Event: 46.553 Executing VM operation: ParallelGCFailedAllocation
Event: 46.556 Executing VM operation: ParallelGCFailedAllocation done


Dynamic libraries:
0x00007ff6cc7e0000 - 0x00007ff6cc817000 	C:\Program Files\Java\jdk1.8.0_202\bin\javaw.exe
0x00007ff9ee9f0000 - 0x00007ff9eec06000 	C:\Windows\SYSTEM32\ntdll.dll
0x00007ff9ed340000 - 0x00007ff9ed404000 	C:\Windows\System32\KERNEL32.DLL
0x00007ff9ec000000 - 0x00007ff9ec3a6000 	C:\Windows\System32\KERNELBASE.dll
0x00007ff9ee3c0000 - 0x00007ff9ee472000 	C:\Windows\System32\ADVAPI32.dll
0x00007ff9ed290000 - 0x00007ff9ed337000 	C:\Windows\System32\msvcrt.dll
0x00007ff9ee8f0000 - 0x00007ff9ee998000 	C:\Windows\System32\sechost.dll
0x00007ff9ec3b0000 - 0x00007ff9ec3d8000 	C:\Windows\System32\bcrypt.dll
0x00007ff9ec8f0000 - 0x00007ff9eca05000 	C:\Windows\System32\RPCRT4.dll
0x00007ff9eda80000 - 0x00007ff9edc2d000 	C:\Windows\System32\USER32.dll
0x00007ff9ec3e0000 - 0x00007ff9ec406000 	C:\Windows\System32\win32u.dll
0x00007ff9ee310000 - 0x00007ff9ee339000 	C:\Windows\System32\GDI32.dll
0x00007ff9ec620000 - 0x00007ff9ec738000 	C:\Windows\System32\gdi32full.dll
0x00007ff9ec410000 - 0x00007ff9ec4aa000 	C:\Windows\System32\msvcp_win.dll
0x00007ff9ebee0000 - 0x00007ff9ebff1000 	C:\Windows\System32\ucrtbase.dll
0x00007ff9cd7d0000 - 0x00007ff9cda63000 	C:\Windows\WinSxS\amd64_microsoft.windows.common-controls_6595b64144ccf1df_6.0.22621.3235_none_270f74e173860f98\COMCTL32.dll
0x00007ff9ec740000 - 0x00007ff9ec771000 	C:\Windows\System32\IMM32.DLL
0x000000005e650000 - 0x000000005e722000 	C:\Program Files\Java\jdk1.8.0_202\jre\bin\msvcr100.dll
0x000000005dda0000 - 0x000000005e645000 	C:\Program Files\Java\jdk1.8.0_202\jre\bin\server\jvm.dll
0x00007ff9ec780000 - 0x00007ff9ec788000 	C:\Windows\System32\PSAPI.DLL
0x00007ff9b6970000 - 0x00007ff9b6979000 	C:\Windows\SYSTEM32\WSOCK32.dll
0x00007ff9e9890000 - 0x00007ff9e98c4000 	C:\Windows\SYSTEM32\WINMM.dll
0x00007ff9e5e10000 - 0x00007ff9e5e1a000 	C:\Windows\SYSTEM32\VERSION.dll
0x00007ff9ee340000 - 0x00007ff9ee3b1000 	C:\Windows\System32\WS2_32.dll
0x00007ff9e5190000 - 0x00007ff9e519f000 	C:\Program Files\Java\jdk1.8.0_202\jre\bin\verify.dll
0x00007ff9e5120000 - 0x00007ff9e5149000 	C:\Program Files\Java\jdk1.8.0_202\jre\bin\java.dll
0x00007ff9e5160000 - 0x00007ff9e5176000 	C:\Program Files\Java\jdk1.8.0_202\jre\bin\zip.dll
0x00007ff9eca30000 - 0x00007ff9ed28c000 	C:\Windows\System32\SHELL32.dll
0x00007ff9e9c50000 - 0x00007ff9ea548000 	C:\Windows\SYSTEM32\windows.storage.dll
0x00007ff9edc30000 - 0x00007ff9edfb8000 	C:\Windows\System32\combase.dll
0x00007ff9e9b10000 - 0x00007ff9e9c4e000 	C:\Windows\SYSTEM32\wintypes.dll
0x00007ff9ee4a0000 - 0x00007ff9ee593000 	C:\Windows\System32\SHCORE.dll
0x00007ff9ee1c0000 - 0x00007ff9ee21e000 	C:\Windows\System32\shlwapi.dll
0x00007ff9ebc60000 - 0x00007ff9ebc86000 	C:\Windows\SYSTEM32\profapi.dll
0x00007ff9e5110000 - 0x00007ff9e511d000 	C:\Program Files\Java\jdk1.8.0_202\jre\bin\management.dll
0x00007ff9e5090000 - 0x00007ff9e50aa000 	C:\Program Files\Java\jdk1.8.0_202\jre\bin\net.dll
0x00007ff9cc410000 - 0x00007ff9cc600000 	C:\Windows\SYSTEM32\urlmon.dll
0x00007ff9cbde0000 - 0x00007ff9cc09c000 	C:\Windows\SYSTEM32\iertutil.dll
0x00007ff9d9db0000 - 0x00007ff9d9dd8000 	C:\Windows\SYSTEM32\srvcli.dll
0x00007ff9ea770000 - 0x00007ff9ea77c000 	C:\Windows\SYSTEM32\netutils.dll
0x00007ff9eb2a0000 - 0x00007ff9eb309000 	C:\Windows\system32\mswsock.dll
0x00007ff9e4810000 - 0x00007ff9e4822000 	C:\Program Files\Java\jdk1.8.0_202\jre\bin\nio.dll
0x00007ff9c7e90000 - 0x00007ff9c7ea7000 	C:\Windows\system32\napinsp.dll
0x00007ff9c7e70000 - 0x00007ff9c7e8b000 	C:\Windows\system32\pnrpnsp.dll
0x00007ff9ea890000 - 0x00007ff9ea989000 	C:\Windows\SYSTEM32\DNSAPI.dll
0x00007ff9ea860000 - 0x00007ff9ea88d000 	C:\Windows\SYSTEM32\IPHLPAPI.DLL
0x00007ff9ee1b0000 - 0x00007ff9ee1b9000 	C:\Windows\System32\NSI.dll
0x00007ff9c7e50000 - 0x00007ff9c7e61000 	C:\Windows\System32\winrnr.dll
0x00007ff9c7e10000 - 0x00007ff9c7e25000 	C:\Windows\system32\wshbth.dll
0x00007ff9c7d30000 - 0x00007ff9c7d51000 	C:\Windows\system32\nlansp_c.dll
0x0000000060a70000 - 0x0000000060a96000 	C:\Program Files\Bonjour\mdnsNSP.dll
0x00007ff9e6450000 - 0x00007ff9e645a000 	C:\Windows\System32\rasadhlp.dll
0x00007ff9e62e0000 - 0x00007ff9e6363000 	C:\Windows\System32\fwpuclnt.dll
0x00007ff9eb4c0000 - 0x00007ff9eb4db000 	C:\Windows\SYSTEM32\CRYPTSP.dll
0x00007ff9ead80000 - 0x00007ff9eadb5000 	C:\Windows\system32\rsaenh.dll
0x00007ff9eb360000 - 0x00007ff9eb38c000 	C:\Windows\SYSTEM32\USERENV.dll
0x00007ff9ebd30000 - 0x00007ff9ebdaa000 	C:\Windows\System32\bcryptprimitives.dll
0x00007ff9eb4e0000 - 0x00007ff9eb4ec000 	C:\Windows\SYSTEM32\CRYPTBASE.dll
0x00007ff9e6550000 - 0x00007ff9e6569000 	C:\Windows\SYSTEM32\dhcpcsvc6.DLL
0x00007ff9e6460000 - 0x00007ff9e647f000 	C:\Windows\SYSTEM32\dhcpcsvc.DLL
0x00007ff9e1c00000 - 0x00007ff9e1c24000 	C:\Program Files\Java\jdk1.8.0_202\jre\bin\sunec.dll
0x00007ff9e4800000 - 0x00007ff9e480b000 	C:\Program Files\Java\jdk1.8.0_202\jre\bin\sunmscapi.dll
0x00007ff9ec4b0000 - 0x00007ff9ec616000 	C:\Windows\System32\CRYPT32.dll
0x00007ff96bdb0000 - 0x00007ff96bf49000 	C:\Program Files\Java\jdk1.8.0_202\jre\bin\awt.dll
0x00007ff9ee5a0000 - 0x00007ff9ee677000 	C:\Windows\System32\OLEAUT32.dll
0x00007ff9e8ac0000 - 0x00007ff9e8b57000 	C:\Windows\SYSTEM32\apphelp.dll
0x00007ff9e8bc0000 - 0x00007ff9e8c6b000 	C:\Windows\system32\uxtheme.dll
0x00007ff9ec790000 - 0x00007ff9ec8e4000 	C:\Windows\System32\MSCTF.dll
0x00007ff9ed460000 - 0x00007ff9ed5ff000 	C:\Windows\System32\ole32.dll
0x00007ff9eae20000 - 0x00007ff9eae38000 	C:\Windows\SYSTEM32\kernel.appcore.dll
0x00007ff9e8e40000 - 0x00007ff9e8e6b000 	C:\Windows\system32\DWMAPI.DLL
0x00007ff9b6260000 - 0x00007ff9b6360000 	C:\Windows\system32\opengl32.dll
0x00007ff9b6230000 - 0x00007ff9b625d000 	C:\Windows\SYSTEM32\GLU32.dll
0x00007ff9e8eb0000 - 0x00007ff9e8ee9000 	C:\Windows\SYSTEM32\dxcore.dll
0x00007ff9653a0000 - 0x00007ff965549000 	C:\Windows\system32\d3d9.dll
0x00007ff9decc0000 - 0x00007ff9dee7b000 	C:\Windows\System32\DriverStore\FileRepository\u0382030.inf_amd64_c27c1f19988d7c7e\B381533\aticfx64.dll
0x00007ff9dfa90000 - 0x00007ff9dfac4000 	C:\Windows\System32\DriverStore\FileRepository\u0382030.inf_amd64_c27c1f19988d7c7e\B381533\atiu9p64.dll
0x00007ff935c20000 - 0x00007ff936975000 	C:\Windows\System32\DriverStore\FileRepository\u0382030.inf_amd64_c27c1f19988d7c7e\B381533\atiumd64.dll
0x00007ff9e9610000 - 0x00007ff9e9843000 	C:\Windows\SYSTEM32\dbghelp.dll
0x00007ff9e9850000 - 0x00007ff9e9882000 	C:\Windows\SYSTEM32\dbgcore.DLL
0x000000005e910000 - 0x000000005f836000 	C:\Windows\System32\DriverStore\FileRepository\u0382030.inf_amd64_c27c1f19988d7c7e\B381533\atiumd6a.dll
0x00007ff9ed600000 - 0x00007ff9eda74000 	C:\Windows\System32\SETUPAPI.dll
0x00007ff9eab80000 - 0x00007ff9eabcd000 	C:\Windows\SYSTEM32\POWRPROF.dll
0x00007ff9eab60000 - 0x00007ff9eab73000 	C:\Windows\SYSTEM32\UMPDC.dll
0x00007ff9dcd00000 - 0x00007ff9dcd35000 	C:\Windows\SYSTEM32\amdihk64.dll
0x00007ff9e3410000 - 0x00007ff9e345a000 	C:\Windows\SYSTEM32\directxdatabasehelper.dll
0x00007ff9e0060000 - 0x00007ff9e0089000 	C:\Users\Asus\AppData\Local\Temp\BridJExtractedLibraries750343177718671931\bridj.dll
0x00007ff9db3b0000 - 0x00007ff9db3e6000 	C:\Users\Asus\AppData\Local\Temp\BridJExtractedLibraries750343177718671931\OpenIMAJGrabber.dll
0x00007ff9ee680000 - 0x00007ff9ee730000 	C:\Windows\System32\clbcatq.dll
0x00007ff9da680000 - 0x00007ff9da6a1000 	C:\Windows\System32\devenum.dll
0x00007ff9eba20000 - 0x00007ff9eba6e000 	C:\Windows\System32\CFGMGR32.dll
0x00007ff9eae40000 - 0x00007ff9eae74000 	C:\Windows\SYSTEM32\ntmarta.dll
0x00007ff9eb9f0000 - 0x00007ff9eba1c000 	C:\Windows\SYSTEM32\DEVOBJ.dll
0x00007ff9ebe70000 - 0x00007ff9ebedb000 	C:\Windows\System32\WINTRUST.dll
0x00007ff9eb9d0000 - 0x00007ff9eb9e2000 	C:\Windows\SYSTEM32\MSASN1.dll
0x00007ff9bf330000 - 0x00007ff9bf33b000 	C:\Windows\SYSTEM32\msdmo.dll
0x00007ff9d02f0000 - 0x00007ff9d0329000 	C:\Windows\System32\qcap.dll
0x00007ff95e640000 - 0x00007ff95e827000 	C:\Windows\System32\quartz.dll
0x00007ff9d02b0000 - 0x00007ff9d02eb000 	C:\Windows\System32\mfksproxy.dll
0x00007ff968740000 - 0x00007ff96875e000 	C:\Windows\System32\ATL.DLL
0x00007ff9dbae0000 - 0x00007ff9dbcae000 	C:\Windows\System32\MFPlat.DLL
0x00007ff9db670000 - 0x00007ff9db6a3000 	C:\Windows\System32\RTWorkQ.DLL
0x00007ff9d0190000 - 0x00007ff9d01d6000 	C:\Windows\System32\FrameServerMonitorClient.dll
0x00007ff9d0080000 - 0x00007ff9d00ff000 	C:\Windows\System32\MFSENSORGROUP.dll
0x00007ff9d0020000 - 0x00007ff9d007d000 	C:\Windows\System32\ksproxy.ax
0x00007ff9e5150000 - 0x00007ff9e5159000 	C:\Windows\System32\ksuser.dll
0x00007ff9c5ec0000 - 0x00007ff9c5f55000 	C:\Windows\System32\Windows.Media.MediaControl.dll
0x00007ff9dfc90000 - 0x00007ff9dfd2d000 	C:\Windows\System32\MMDevAPI.DLL
0x00007ff9e1bf0000 - 0x00007ff9e1bff000 	C:\Windows\System32\vidcap.ax
0x00007ff9d0160000 - 0x00007ff9d0186000 	C:\Windows\System32\kswdmcap.ax
0x00007ff986370000 - 0x00007ff98641f000 	C:\Windows\System32\qedit.dll
0x00007ff9ee050000 - 0x00007ff9ee149000 	C:\Windows\System32\COMDLG32.dll
0x00007ff9d1090000 - 0x00007ff9d124a000 	C:\Windows\WinSxS\amd64_microsoft.windows.gdiplus_6595b64144ccf1df_1.1.22621.3085_none_57ff6980ce140777\gdiplus.dll
0x00007ff9c8390000 - 0x00007ff9c83bb000 	C:\Windows\System32\MSVFW32.dll
0x00007ff967920000 - 0x00007ff967a1e000 	C:\Windows\System32\DDRAW.dll
0x00007ff97e710000 - 0x00007ff97e719000 	C:\Windows\System32\DCIMAN32.dll
0x00007ff9e8d30000 - 0x00007ff9e8e28000 	C:\Windows\System32\dxgi.dll
0x00007ff9d1820000 - 0x00007ff9d1849000 	C:\Windows\SYSTEM32\WINMMBASE.dll
0x00007ff9dfa80000 - 0x00007ff9dfa8c000 	C:\Windows\SYSTEM32\msyuv.dll
0x00007ff9c15b0000 - 0x00007ff9c15fb000 	C:\Windows\System32\CapabilityAccessManagerClient.dll
0x00007ff9c5e70000 - 0x00007ff9c5eb7000 	C:\Program Files\Java\jdk1.8.0_202\jre\bin\fontmanager.dll
0x00007ff9be850000 - 0x00007ff9be892000 	C:\Program Files\Java\jdk1.8.0_202\jre\bin\t2k.dll
0x00007ff9cd540000 - 0x00007ff9cd68a000 	C:\Windows\SYSTEM32\textinputframework.dll
0x00007ff9bf420000 - 0x00007ff9bf44a000 	C:\Program Files\Java\jdk1.8.0_202\jre\bin\dcpr.dll
0x00007ff9e8930000 - 0x00007ff9e8a64000 	C:\Windows\SYSTEM32\CoreMessaging.dll
0x00007ff9e15d0000 - 0x00007ff9e193c000 	C:\Windows\SYSTEM32\CoreUIComponents.dll
0x000000006e740000 - 0x000000006fda5000 	C:\Users\Asus\AppData\Local\Temp\xuggle\xuggle3946675895347423913.dll
0x00007ff9df070000 - 0x00007ff9df08a000 	C:\Windows\SYSTEM32\AVICAP32.dll

VM Arguments:
jvm_args: -Dcom.sun.management.jmxremote -Dcom.sun.management.jmxremote.port=53837 -Dcom.sun.management.jmxremote.authenticate=false -Dcom.sun.management.jmxremote.ssl=false -Djava.rmi.server.hostname=localhost -Dspring.jmx.enabled=true -Dspring.application.admin.enabled=true -XX:TieredStopAtLevel=1 -Dspring.boot.project.name=webcamIntegration -Dfile.encoding=UTF-8 
java_command: com.webcamIntegration.WebcamIntegrationApplication --spring.output.ansi.enabled=always
java_class_path (initial): D:\STS 18MAY\webcamIntegration\target\classes;C:\Users\Asus\Downloads\xuggle-xuggler-5.4 (1).jar;C:\Users\Asus\.m2\repository\org\springframework\boot\spring-boot-starter-web\2.7.12\spring-boot-starter-web-2.7.12.jar;C:\Users\Asus\.m2\repository\org\springframework\boot\spring-boot-starter\2.7.12\spring-boot-starter-2.7.12.jar;C:\Users\Asus\.m2\repository\org\springframework\boot\spring-boot\2.7.12\spring-boot-2.7.12.jar;C:\Users\Asus\.m2\repository\org\springframework\boot\spring-boot-autoconfigure\2.7.12\spring-boot-autoconfigure-2.7.12.jar;C:\Users\Asus\.m2\repository\org\springframework\boot\spring-boot-starter-logging\2.7.12\spring-boot-starter-logging-2.7.12.jar;C:\Users\Asus\.m2\repository\ch\qos\logback\logback-classic\1.2.12\logback-classic-1.2.12.jar;C:\Users\Asus\.m2\repository\ch\qos\logback\logback-core\1.2.12\logback-core-1.2.12.jar;C:\Users\Asus\.m2\repository\org\apache\logging\log4j\log4j-to-slf4j\2.17.2\log4j-to-slf4j-2.17.2.jar;C:\Users\Asus\.m2\repository\org\apache\logging\log4j\log4j-api\2.17.2\log4j-api-2.17.2.jar;C:\Users\Asus\.m2\repository\org\slf4j\jul-to-slf4j\1.7.36\jul-to-slf4j-1.7.36.jar;C:\Users\Asus\.m2\repository\jakarta\annotation\jakarta.annotation-api\1.3.5\jakarta.annotation-api-1.3.5.jar;C:\Users\Asus\.m2\repository\org\yaml\snakeyaml\1.30\snakeyaml-1.30.jar;C:\Users\Asus\.m2\repository\org\springframework\boot\spring-boot-starter-json\2.7.12\spring-boot-starter-json-2.7.12.jar;C:\Users\Asus\.m2\repository\com\fasterxml\jackson\core\jackson-databind\2.13.5\jackson-databind-2.13.5.jar;C:\Users\Asus\.m2\repository\com\fasterxml\jackson\core\jackson-annotations\2.13.5\jackson-annotations-2.13.5.jar;C:\Users\Asus\.m2\repository\com\fasterxml\jackson\core\jackson-core\2.13.5\jackson-core-2.13.5.jar;C:\Users\Asus\.m2\repository\com\fasterxml\jackson\datatype\jackson-datatype-jdk8\2.13.5\jackson-datatype-jdk8-2.13.5.jar;C:\Users\Asus\.m2\repository\com\fasterxml\jackson\datatype\jackson-datatype-jsr310\2.1
Launcher Type: SUN_STANDARD

Environment Variables:
JAVA_HOME=C:\Program Files\Java\jdk-21
PATH=C:/Users/Asus/OneDrive/Desktop/STS 18MAY/sts-4.8.1.RELEASE//plugins/org.eclipse.justj.openjdk.hotspot.jre.full.win32.x86_64_15.0.0.v20201014-1246/jre/bin/server;C:/Users/Asus/OneDrive/Desktop/STS 18MAY/sts-4.8.1.RELEASE//plugins/org.eclipse.justj.openjdk.hotspot.jre.full.win32.x86_64_15.0.0.v20201014-1246/jre/bin;C:\Program Files (x86)\NVIDIA Corporation\PhysX\Common;C:\Windows\system32;C:\Windows;C:\Windows\System32\Wbem;C:\Windows\System32\WindowsPowerShell\v1.0\;C:\Windows\System32\OpenSSH\;C:\Program Files\Microsoft SQL Server\Client SDK\ODBC\110\Tools\Binn\;C:\Program Files (x86)\Microsoft SQL Server\120\Tools\Binn\;C:\Program Files\Microsoft SQL Server\120\Tools\Binn\;C:\Program Files\Microsoft SQL Server\120\DTS\Binn\;C:\Program Files\NVIDIA Corporation\NVIDIA NvDLISR;C:\Program Files\dotnet\;C:\Program Files\Java\jdk-21\bin;C:\Program Files\Git\cmd;C:\Program Files\apache-maven-3.9.6\bin;C:\Program Files\MySQL\MySQL Shell 8.0\bin\;C:\Users\Asus\AppData\Local\Microsoft\WindowsApps;;C:\Users\Asus\OneDrive\Desktop\STS 18MAY\sts-4.8.1.RELEASE;
USERNAME=Asus
OS=Windows_NT
PROCESSOR_IDENTIFIER=AMD64 Family 25 Model 80 Stepping 0, AuthenticAMD



---------------  S Y S T E M  ---------------

OS: Windows 10.0 , 64 bit Build 22621 (10.0.22621.3235)

CPU:total 16 (initial active 16) (16 cores per cpu, 1 threads per core) family 25 model 80 stepping 0, cmov, cx8, fxsr, mmx, sse, sse2, sse3, ssse3, sse4.1, sse4.2, popcnt, avx, avx2, aes, clmul, erms, mmxext, 3dnowpref, lzcnt, sse4a, tsc, tscinvbit, tscinv, bmi1

Memory: 4k page, physical 7765196k(1163720k free), swap 18209996k(5642996k free)

vm_info: Java HotSpot(TM) 64-Bit Server VM (25.202-b08) for windows-amd64 JRE (1.8.0_202-b08), built on Dec 15 2018 19:54:30 by "java_re" with MS VC++ 10.0 (VS2010)

time: Sun Mar 03 16:28:50 2024
timezone: India Standard Time
elapsed time: 47 seconds (0d 0h 0m 47s)

