#
# A fatal error has been detected by the Java Runtime Environment:
#
#  EXCEPTION_ACCESS_VIOLATION (0xc0000005) at pc=0x000000002cd8010f, pid=18116, tid=0x000000000000356c
#
# JRE version: Java(TM) SE Runtime Environment (8.0_202-b08) (build 1.8.0_202-b08)
# Java VM: Java HotSpot(TM) 64-Bit Server VM (25.202-b08 mixed mode windows-amd64 compressed oops)
# Problematic frame:
# C  [xuggle5623900173613425912.dll+0x7b010f]
#
# Failed to write core dump. Minidumps are not enabled by default on client versions of Windows
#
# If you would like to submit a bug report, please visit:
#   http://bugreport.java.com/bugreport/crash.jsp
# The crash happened outside the Java Virtual Machine in native code.
# See problematic frame for where to report the bug.
#

---------------  T H R E A D  ---------------

Current thread (0x000000001e569800):  JavaThread "AWT-EventQueue-0" [_thread_in_native, id=13676, stack(0x0000000021540000,0x0000000021640000)]

siginfo: ExceptionCode=0xc0000005, reading address 0x000000000000000c

Registers:
RAX=0x0000000000000000, RBX=0x0000000034833060, RCX=0x000000002df7e430, RDX=0x0000000000000000
RSP=0x000000002163b7d0, RBP=0x000000002df7e430, RSI=0x0000000000000000, RDI=0x0000000034833060
R8 =0x0000000000000028, R9 =0x0000000000000001, R10=0x0000000000000000, R11=0x00000000ffffffff
R12=0x0000000000000001, R13=0x0000000000000000, R14=0x0000000000000000, R15=0x0000000000000000
RIP=0x000000002cd8010f, EFLAGS=0x0000000000010246

Top of Stack: (sp=0x000000002163b7d0)
0x000000002163b7d0:   ffffffffffffffff 0000000000816000
0x000000002163b7e0:   000000001e569800 000000001971d9c8
0x000000002163b7f0:   000000002163b990 00000000000003d8
0x000000002163b800:   000000001971d5f0 000000001726c740
0x000000002163b810:   000000001e569800 0000f1beb88ff647
0x000000002163b820:   0000000000000001 000000001bf60be0
0x000000002163b830:   0000000000000002 000000001bf60bc0
0x000000002163b840:   3ff0000000000000 0008514e00000000
0x000000002163b850:   000000001726c740 00000000000007d0
0x000000002163b860:   0000000000000100 00000000000007d0
0x000000002163b870:   000000002163c600 00000000000004b0
0x000000002163b880:   0000000049f1f768 000000001bf60bb8
0x000000002163b890:   000000001bf60be0 0000000026e0fc70
0x000000002163b8a0:   0000000000000000 0000000000000000
0x000000002163b8b0:   0000000000000102 000000002163b950
0x000000002163b8c0:   0000000000000101 00007ffe639116d2 

Instructions: (pc=0x000000002cd8010f)
0x000000002cd800ef:   e3 f2 4c 0f 2c cc e9 00 fd ff ff 66 0f 1f 44 00
0x000000002cd800ff:   00 48 8b 95 28 51 00 00 f2 0f 10 8b 00 01 00 00
0x000000002cd8010f:   44 8b 52 0c 44 8b 3a f3 0f 10 92 84 00 00 00 41
0x000000002cd8011f:   8d 42 ff 83 f8 01 48 8b 85 30 51 00 00 41 0f 96 


Register to memory mapping:

RAX=0x0000000000000000 is an unknown value
RBX=0x0000000034833060 is an unknown value
RCX=0x000000002df7e430 is an unknown value
RDX=0x0000000000000000 is an unknown value
RSP=0x000000002163b7d0 is pointing into the stack for thread: 0x000000001e569800
RBP=0x000000002df7e430 is an unknown value
RSI=0x0000000000000000 is an unknown value
RDI=0x0000000034833060 is an unknown value
R8 =0x0000000000000028 is an unknown value
R9 =0x0000000000000001 is an unknown value
R10=0x0000000000000000 is an unknown value
R11=0x00000000ffffffff is an unallocated location in the heap
R12=0x0000000000000001 is an unknown value
R13=0x0000000000000000 is an unknown value
R14=0x0000000000000000 is an unknown value
R15=0x0000000000000000 is an unknown value


Stack: [0x0000000021540000,0x0000000021640000],  sp=0x000000002163b7d0,  free space=1005k
Native frames: (J=compiled Java code, j=interpreted, Vv=VM code, C=native code)
C  [xuggle5623900173613425912.dll+0x7b010f]
C  [xuggle5623900173613425912.dll+0x7b660d]
C  [xuggle5623900173613425912.dll+0x77860f]
C  [xuggle5623900173613425912.dll+0x5e01f6]
C  [xuggle5623900173613425912.dll+0x2375dd]
C  [xuggle5623900173613425912.dll+0x237764]
C  [xuggle5623900173613425912.dll+0x271a4]
C  [xuggle5623900173613425912.dll+0x727e2]
C  0x0000000002b18627

Java frames: (J=compiled Java code, j=interpreted, Vv=VM code)
j  com.xuggle.xuggler.XugglerJNI.IStreamCoder_encodeVideo(JLcom/xuggle/xuggler/IStreamCoder;JLcom/xuggle/xuggler/IPacket;JLcom/xuggle/xuggler/IVideoPicture;I)I+0
j  com.xuggle.xuggler.IStreamCoder.encodeVideo(Lcom/xuggle/xuggler/IPacket;Lcom/xuggle/xuggler/IVideoPicture;I)I+16
j  com.xuggle.mediatool.MediaWriter.flush()V+130
j  com.xuggle.mediatool.MediaWriter.close()V+1
j  com.webcamIntegration.config.JFrameConfig.stopRecording()V+16
j  com.webcamIntegration.config.JFrameConfig.access$3(Lcom/webcamIntegration/config/JFrameConfig;)V+1
j  com.webcamIntegration.config.JFrameConfig$2.actionPerformed(Ljava/awt/event/ActionEvent;)V+4
j  javax.swing.AbstractButton.fireActionPerformed(Ljava/awt/event/ActionEvent;)V+83
j  javax.swing.AbstractButton$Handler.actionPerformed(Ljava/awt/event/ActionEvent;)V+5
j  javax.swing.DefaultButtonModel.fireActionPerformed(Ljava/awt/event/ActionEvent;)V+34
j  javax.swing.DefaultButtonModel.setPressed(Z)V+117
j  javax.swing.plaf.basic.BasicButtonListener.mouseReleased(Ljava/awt/event/MouseEvent;)V+35
j  java.awt.Component.processMouseEvent(Ljava/awt/event/MouseEvent;)V+64
j  javax.swing.JComponent.processMouseEvent(Ljava/awt/event/MouseEvent;)V+23
j  java.awt.Component.processEvent(Ljava/awt/AWTEvent;)V+81
j  java.awt.Container.processEvent(Ljava/awt/AWTEvent;)V+18
j  java.awt.Component.dispatchEventImpl(Ljava/awt/AWTEvent;)V+589
j  java.awt.Container.dispatchEventImpl(Ljava/awt/AWTEvent;)V+42
j  java.awt.Component.dispatchEvent(Ljava/awt/AWTEvent;)V+2
j  java.awt.LightweightDispatcher.retargetMouseEvent(Ljava/awt/Component;ILjava/awt/event/MouseEvent;)V+349
j  java.awt.LightweightDispatcher.processMouseEvent(Ljava/awt/event/MouseEvent;)Z+155
j  java.awt.LightweightDispatcher.dispatchEvent(Ljava/awt/AWTEvent;)Z+50
j  java.awt.Container.dispatchEventImpl(Ljava/awt/AWTEvent;)V+12
j  java.awt.Window.dispatchEventImpl(Ljava/awt/AWTEvent;)V+19
J 4435 C1 java.awt.EventQueue.dispatchEventImpl(Ljava/awt/AWTEvent;Ljava/lang/Object;)V (149 bytes) @ 0x00000000034d3a04 [0x00000000034d3440+0x5c4]
J 4433 C1 java.awt.EventQueue$3.run()Ljava/lang/Void; (60 bytes) @ 0x00000000034d29dc [0x00000000034d2960+0x7c]
J 4224 C1 java.awt.EventQueue$3.run()Ljava/lang/Object; (5 bytes) @ 0x000000000348c654 [0x000000000348c620+0x34]
v  ~StubRoutines::call_stub
J 1820  java.security.AccessController.doPrivileged(Ljava/security/PrivilegedAction;Ljava/security/AccessControlContext;)Ljava/lang/Object; (0 bytes) @ 0x0000000003052f26 [0x0000000003052ec0+0x66]
J 4034 C1 java.security.ProtectionDomain$JavaSecurityAccessImpl.doIntersectionPrivilege(Ljava/security/PrivilegedAction;Ljava/security/AccessControlContext;Ljava/security/AccessControlContext;)Ljava/lang/Object; (22 bytes) @ 0x000000000343ec3c [0x000000000343eae0+0x15c]
j  java.security.ProtectionDomain$JavaSecurityAccessImpl.doIntersectionPrivilege(Ljava/security/PrivilegedAction;Ljava/security/AccessControlContext;)Ljava/lang/Object;+6
j  java.awt.EventQueue$4.run()Ljava/lang/Void;+11
j  java.awt.EventQueue$4.run()Ljava/lang/Object;+1
v  ~StubRoutines::call_stub
J 1820  java.security.AccessController.doPrivileged(Ljava/security/PrivilegedAction;Ljava/security/AccessControlContext;)Ljava/lang/Object; (0 bytes) @ 0x0000000003052f26 [0x0000000003052ec0+0x66]
J 4220 C1 java.awt.EventQueue.dispatchEvent(Ljava/awt/AWTEvent;)V (80 bytes) @ 0x000000000348ce34 [0x000000000348c9e0+0x454]
J 4445 C1 java.awt.EventDispatchThread.pumpOneEventForFilters(I)V (190 bytes) @ 0x00000000034daf04 [0x00000000034daa00+0x504]
j  java.awt.EventDispatchThread.pumpEventsForFilter(ILjava/awt/Conditional;Ljava/awt/EventFilter;)V+35
j  java.awt.EventDispatchThread.pumpEventsForHierarchy(ILjava/awt/Conditional;Ljava/awt/Component;)V+11
j  java.awt.EventDispatchThread.pumpEvents(ILjava/awt/Conditional;)V+4
j  java.awt.EventDispatchThread.pumpEvents(Ljava/awt/Conditional;)V+3
j  java.awt.EventDispatchThread.run()V+9
v  ~StubRoutines::call_stub

---------------  P R O C E S S  ---------------

Java Threads: ( => current thread )
  0x000000001c76b800 JavaThread "SwingWorker-pool-1-thread-2" daemon [_thread_blocked, id=16032, stack(0x0000000026ff0000,0x00000000270f0000)]
  0x000000001c767000 JavaThread "notificator-[W100 0]" daemon [_thread_blocked, id=8668, stack(0x000000002a900000,0x000000002aa00000)]
  0x000000001c763000 JavaThread "D3D Screen Updater" daemon [_thread_blocked, id=12136, stack(0x0000000029ae0000,0x0000000029be0000)]
  0x000000001c764000 JavaThread "webcam-panel-scheduled-executor-1" daemon [_thread_blocked, id=3356, stack(0x0000000029de0000,0x0000000029ee0000)]
  0x000000001c760000 JavaThread "TimerQueue" daemon [_thread_blocked, id=8884, stack(0x0000000029ce0000,0x0000000029de0000)]
  0x000000001c762800 JavaThread "SwingWorker-pool-1-thread-1" daemon [_thread_blocked, id=16960, stack(0x0000000029be0000,0x0000000029ce0000)]
  0x000000001c761000 JavaThread "frames-refresher-[0]" daemon [_thread_blocked, id=16160, stack(0x0000000028910000,0x0000000028a10000)]
  0x000000001c765800 JavaThread "webcam-lock-[W100 0]" daemon [_thread_blocked, id=10488, stack(0x0000000027ab0000,0x0000000027bb0000)]
  0x000000001c761800 JavaThread "webcam-discovery-service" daemon [_thread_blocked, id=2428, stack(0x00000000275d0000,0x00000000276d0000)]
  0x000000001c766000 JavaThread "atomic-processor-1" daemon [_thread_in_native, id=7532, stack(0x00000000276d0000,0x00000000277d0000)]
=>0x000000001e569800 JavaThread "AWT-EventQueue-0" [_thread_in_native, id=13676, stack(0x0000000021540000,0x0000000021640000)]
  0x000000001e569000 JavaThread "AWT-Windows" daemon [_thread_in_native, id=8584, stack(0x0000000021330000,0x0000000021430000)]
  0x000000001e568000 JavaThread "AWT-Shutdown" [_thread_blocked, id=17888, stack(0x0000000021230000,0x0000000021330000)]
  0x000000001e567800 JavaThread "Java2D Disposer" daemon [_thread_blocked, id=5736, stack(0x0000000021130000,0x0000000021230000)]
  0x000000001e566800 JavaThread "DestroyJavaVM" [_thread_blocked, id=4424, stack(0x0000000002900000,0x0000000002a00000)]
  0x000000001e566000 JavaThread "http-nio-8080-Acceptor" daemon [_thread_in_native, id=18308, stack(0x0000000020c30000,0x0000000020d30000)]
  0x000000001e55e800 JavaThread "http-nio-8080-Poller" daemon [_thread_in_native, id=18312, stack(0x0000000020b30000,0x0000000020c30000)]
  0x000000001e565000 JavaThread "http-nio-8080-exec-10" daemon [_thread_blocked, id=16060, stack(0x0000000020a30000,0x0000000020b30000)]
  0x000000001e560000 JavaThread "http-nio-8080-exec-9" daemon [_thread_blocked, id=17664, stack(0x0000000020930000,0x0000000020a30000)]
  0x000000001e564800 JavaThread "http-nio-8080-exec-8" daemon [_thread_blocked, id=9776, stack(0x0000000020830000,0x0000000020930000)]
  0x000000001e563800 JavaThread "http-nio-8080-exec-7" daemon [_thread_blocked, id=12788, stack(0x0000000020730000,0x0000000020830000)]
  0x000000001e55f000 JavaThread "http-nio-8080-exec-6" daemon [_thread_blocked, id=15648, stack(0x0000000020630000,0x0000000020730000)]
  0x000000001e55c000 JavaThread "http-nio-8080-exec-5" daemon [_thread_blocked, id=10984, stack(0x0000000020530000,0x0000000020630000)]
  0x000000001e563000 JavaThread "http-nio-8080-exec-4" daemon [_thread_blocked, id=12492, stack(0x0000000020430000,0x0000000020530000)]
  0x000000001e561800 JavaThread "http-nio-8080-exec-3" daemon [_thread_blocked, id=8420, stack(0x0000000020330000,0x0000000020430000)]
  0x000000001e562000 JavaThread "http-nio-8080-exec-2" daemon [_thread_blocked, id=2764, stack(0x0000000020230000,0x0000000020330000)]
  0x000000001e55d000 JavaThread "http-nio-8080-exec-1" daemon [_thread_blocked, id=1720, stack(0x0000000020130000,0x0000000020230000)]
  0x000000001e55b800 JavaThread "container-0" [_thread_blocked, id=15864, stack(0x000000001fc30000,0x000000001fd30000)]
  0x000000001e560800 JavaThread "Catalina-utility-2" [_thread_blocked, id=1756, stack(0x000000001fb30000,0x000000001fc30000)]
  0x000000001e55d800 JavaThread "Catalina-utility-1" [_thread_blocked, id=10440, stack(0x000000001dc60000,0x000000001dd60000)]
  0x000000001cb77000 JavaThread "JMX server connection timeout 26" daemon [_thread_blocked, id=10716, stack(0x000000001d960000,0x000000001da60000)]
  0x000000001cb74800 JavaThread "RMI TCP Connection(2)-127.0.0.1" daemon [_thread_in_native, id=2948, stack(0x000000001d860000,0x000000001d960000)]
  0x000000001cb71000 JavaThread "RMI Scheduler(0)" daemon [_thread_blocked, id=12468, stack(0x000000001d760000,0x000000001d860000)]
  0x000000001cb53000 JavaThread "RMI TCP Connection(1)-127.0.0.1" daemon [_thread_in_native, id=2440, stack(0x000000001d660000,0x000000001d760000)]
  0x000000001c84e000 JavaThread "RMI TCP Accept-0" daemon [_thread_in_native, id=2692, stack(0x000000001cf10000,0x000000001d010000)]
  0x000000001c84a000 JavaThread "RMI TCP Accept-50649" daemon [_thread_in_native, id=4508, stack(0x000000001ce10000,0x000000001cf10000)]
  0x000000001c833800 JavaThread "RMI TCP Accept-0" daemon [_thread_in_native, id=3940, stack(0x000000001cd10000,0x000000001ce10000)]
  0x0000000019697000 JavaThread "Service Thread" daemon [_thread_blocked, id=9960, stack(0x000000001be50000,0x000000001bf50000)]
  0x00000000195c2000 JavaThread "C1 CompilerThread11" daemon [_thread_blocked, id=4200, stack(0x000000001bd50000,0x000000001be50000)]
  0x00000000195c5000 JavaThread "C1 CompilerThread10" daemon [_thread_blocked, id=1040, stack(0x000000001bc50000,0x000000001bd50000)]
  0x00000000195c0800 JavaThread "C1 CompilerThread9" daemon [_thread_blocked, id=4128, stack(0x000000001bb50000,0x000000001bc50000)]
  0x00000000195c4800 JavaThread "C1 CompilerThread8" daemon [_thread_blocked, id=8712, stack(0x000000001ba50000,0x000000001bb50000)]
  0x00000000195c3800 JavaThread "C2 CompilerThread7" daemon [_thread_blocked, id=368, stack(0x000000001b950000,0x000000001ba50000)]
  0x00000000195c3000 JavaThread "C2 CompilerThread6" daemon [_thread_blocked, id=7828, stack(0x000000001b850000,0x000000001b950000)]
  0x00000000195c0000 JavaThread "C2 CompilerThread5" daemon [_thread_blocked, id=4900, stack(0x000000001b750000,0x000000001b850000)]
  0x00000000195be800 JavaThread "C2 CompilerThread4" daemon [_thread_blocked, id=7500, stack(0x000000001b650000,0x000000001b750000)]
  0x00000000195bf000 JavaThread "C2 CompilerThread3" daemon [_thread_blocked, id=3736, stack(0x000000001b550000,0x000000001b650000)]
  0x00000000195c1800 JavaThread "C2 CompilerThread2" daemon [_thread_blocked, id=18372, stack(0x000000001b450000,0x000000001b550000)]
  0x00000000195ba800 JavaThread "C2 CompilerThread1" daemon [_thread_blocked, id=18020, stack(0x000000001b350000,0x000000001b450000)]
  0x00000000195b8000 JavaThread "C2 CompilerThread0" daemon [_thread_blocked, id=18356, stack(0x000000001b250000,0x000000001b350000)]
  0x00000000195b7000 JavaThread "Attach Listener" daemon [_thread_blocked, id=7592, stack(0x000000001b150000,0x000000001b250000)]
  0x00000000195b1000 JavaThread "Signal Dispatcher" daemon [_thread_blocked, id=13788, stack(0x000000001b050000,0x000000001b150000)]
  0x0000000017b23800 JavaThread "Finalizer" daemon [_thread_blocked, id=5220, stack(0x000000001ae10000,0x000000001af10000)]
  0x0000000019596000 JavaThread "Reference Handler" daemon [_thread_blocked, id=14356, stack(0x000000001ad10000,0x000000001ae10000)]

Other Threads:
  0x0000000019573800 VMThread [stack: 0x000000001ac10000,0x000000001ad10000] [id=6208]
  0x000000001c84f800 WatcherThread [stack: 0x000000001d010000,0x000000001d110000] [id=7032]

VM state:not at safepoint (normal execution)

VM Mutex/Monitor currently owned by a thread: None

heap address: 0x0000000089800000, size: 1896 MB, Compressed Oops mode: 32-bit
Narrow klass base: 0x0000000000000000, Narrow klass shift: 3
Compressed class space size: 1073741824 Address: 0x0000000100000000

Heap:
 PSYoungGen      total 149504K, used 126678K [0x00000000d8800000, 0x00000000e5300000, 0x0000000100000000)
  eden space 135168K, 85% used [0x00000000d8800000,0x00000000df8a4ff8,0x00000000e0c00000)
  from space 14336K, 79% used [0x00000000e0c00000,0x00000000e1710af8,0x00000000e1a00000)
  to   space 14848K, 0% used [0x00000000e4480000,0x00000000e4480000,0x00000000e5300000)
 ParOldGen       total 71168K, used 12212K [0x0000000089800000, 0x000000008dd80000, 0x00000000d8800000)
  object space 71168K, 17% used [0x0000000089800000,0x000000008a3ed2d0,0x000000008dd80000)
 Metaspace       used 45671K, capacity 47990K, committed 48384K, reserved 1091584K
  class space    used 6174K, capacity 6588K, committed 6656K, reserved 1048576K

Card table byte_map: [0x0000000011ec0000,0x0000000012280000] byte_map_base: 0x0000000011a74000

Marking Bits: (ParMarkBitMap*) 0x000000006e9f5ce0
 Begin Bits: [0x0000000013200000, 0x0000000014fa0000)
 End Bits:   [0x0000000014fa0000, 0x0000000016d40000)

Polling page: 0x0000000000e20000

CodeCache: size=245760Kb used=10200Kb max_used=10200Kb free=235559Kb
 bounds [0x0000000002b00000, 0x0000000003500000, 0x0000000011b00000]
 total_blobs=5142 nmethods=4460 adapters=592
 compilation: enabled

Compilation events (10 events):
Event: 19.776 Thread 0x00000000195c4800 nmethod 4515 0x00000000034f2cd0 code [0x00000000034f2e40, 0x00000000034f2ff8]
Event: 19.776 Thread 0x00000000195c5000 nmethod 4517 0x00000000034f3150 code [0x00000000034f32a0, 0x00000000034f33e8]
Event: 19.777 Thread 0x00000000195c2000 nmethod 4514 0x00000000034f34d0 code [0x00000000034f3660, 0x00000000034f3af8]
Event: 19.777 Thread 0x00000000195c0800 nmethod 4512 0x00000000034f3d90 code [0x00000000034f4020, 0x00000000034f4d68]
Event: 20.287 Thread 0x00000000195c4800 4518       1       ch.qos.logback.classic.Logger::filterAndLog_1 (68 bytes)
Event: 20.287 Thread 0x00000000195c5000 4519       1       ch.qos.logback.classic.LoggerContext::getTurboFilterChainDecision_1 (38 bytes)
Event: 20.287 Thread 0x00000000195c5000 nmethod 4519 0x00000000034f57d0 code [0x00000000034f5940, 0x00000000034f5be8]
Event: 20.288 Thread 0x00000000195c4800 nmethod 4518 0x00000000034f5d90 code [0x00000000034f5f40, 0x00000000034f6418]
Event: 20.431 Thread 0x00000000195c2000 4520       1       java.nio.DirectByteBuffer::get (126 bytes)
Event: 20.432 Thread 0x00000000195c2000 nmethod 4520 0x00000000034f6790 code [0x00000000034f6940, 0x00000000034f6cc8]

GC Heap History (10 events):
Event: 3.064 GC heap before
{Heap before GC invocations=7 (full 1):
 PSYoungGen      total 65536K, used 65526K [0x00000000d8800000, 0x00000000ded00000, 0x0000000100000000)
  eden space 60416K, 100% used [0x00000000d8800000,0x00000000dc300000,0x00000000dc300000)
  from space 5120K, 99% used [0x00000000dc300000,0x00000000dc7fd850,0x00000000dc800000)
  to   space 11776K, 0% used [0x00000000de180000,0x00000000de180000,0x00000000ded00000)
 ParOldGen       total 53760K, used 12308K [0x0000000089800000, 0x000000008cc80000, 0x00000000d8800000)
  object space 53760K, 22% used [0x0000000089800000,0x000000008a405068,0x000000008cc80000)
 Metaspace       used 33101K, capacity 34980K, committed 35200K, reserved 1079296K
  class space    used 4525K, capacity 4882K, committed 4992K, reserved 1048576K
Event: 3.074 GC heap after
Heap after GC invocations=7 (full 1):
 PSYoungGen      total 89600K, used 11765K [0x00000000d8800000, 0x00000000dff00000, 0x0000000100000000)
  eden space 77824K, 0% used [0x00000000d8800000,0x00000000d8800000,0x00000000dd400000)
  from space 11776K, 99% used [0x00000000de180000,0x00000000decfd568,0x00000000ded00000)
  to   space 13824K, 0% used [0x00000000dd400000,0x00000000dd400000,0x00000000de180000)
 ParOldGen       total 53760K, used 12595K [0x0000000089800000, 0x000000008cc80000, 0x00000000d8800000)
  object space 53760K, 23% used [0x0000000089800000,0x000000008a44ccd0,0x000000008cc80000)
 Metaspace       used 33101K, capacity 34980K, committed 35200K, reserved 1079296K
  class space    used 4525K, capacity 4882K, committed 4992K, reserved 1048576K
}
Event: 3.107 GC heap before
{Heap before GC invocations=8 (full 1):
 PSYoungGen      total 89600K, used 15989K [0x00000000d8800000, 0x00000000dff00000, 0x0000000100000000)
  eden space 77824K, 5% used [0x00000000d8800000,0x00000000d8c20170,0x00000000dd400000)
  from space 11776K, 99% used [0x00000000de180000,0x00000000decfd568,0x00000000ded00000)
  to   space 13824K, 0% used [0x00000000dd400000,0x00000000dd400000,0x00000000de180000)
 ParOldGen       total 53760K, used 12595K [0x0000000089800000, 0x000000008cc80000, 0x00000000d8800000)
  object space 53760K, 23% used [0x0000000089800000,0x000000008a44ccd0,0x000000008cc80000)
 Metaspace       used 33445K, capacity 35342K, committed 35456K, reserved 1079296K
  class space    used 4574K, capacity 4929K, committed 4992K, reserved 1048576K
Event: 3.114 GC heap after
Heap after GC invocations=8 (full 1):
 PSYoungGen      total 91648K, used 8454K [0x00000000d8800000, 0x00000000e2900000, 0x0000000100000000)
  eden space 77824K, 0% used [0x00000000d8800000,0x00000000d8800000,0x00000000dd400000)
  from space 13824K, 61% used [0x00000000dd400000,0x00000000ddc41ab8,0x00000000de180000)
  to   space 13312K, 0% used [0x00000000e1c00000,0x00000000e1c00000,0x00000000e2900000)
 ParOldGen       total 53760K, used 12603K [0x0000000089800000, 0x000000008cc80000, 0x00000000d8800000)
  object space 53760K, 23% used [0x0000000089800000,0x000000008a44ecd0,0x000000008cc80000)
 Metaspace       used 33445K, capacity 35342K, committed 35456K, reserved 1079296K
  class space    used 4574K, capacity 4929K, committed 4992K, reserved 1048576K
}
Event: 3.114 GC heap before
{Heap before GC invocations=9 (full 2):
 PSYoungGen      total 91648K, used 8454K [0x00000000d8800000, 0x00000000e2900000, 0x0000000100000000)
  eden space 77824K, 0% used [0x00000000d8800000,0x00000000d8800000,0x00000000dd400000)
  from space 13824K, 61% used [0x00000000dd400000,0x00000000ddc41ab8,0x00000000de180000)
  to   space 13312K, 0% used [0x00000000e1c00000,0x00000000e1c00000,0x00000000e2900000)
 ParOldGen       total 53760K, used 12603K [0x0000000089800000, 0x000000008cc80000, 0x00000000d8800000)
  object space 53760K, 23% used [0x0000000089800000,0x000000008a44ecd0,0x000000008cc80000)
 Metaspace       used 33445K, capacity 35342K, committed 35456K, reserved 1079296K
  class space    used 4574K, capacity 4929K, committed 4992K, reserved 1048576K
Event: 3.160 GC heap after
Heap after GC invocations=9 (full 2):
 PSYoungGen      total 91648K, used 0K [0x00000000d8800000, 0x00000000e2900000, 0x0000000100000000)
  eden space 77824K, 0% used [0x00000000d8800000,0x00000000d8800000,0x00000000dd400000)
  from space 13824K, 0% used [0x00000000dd400000,0x00000000dd400000,0x00000000de180000)
  to   space 13312K, 0% used [0x00000000e1c00000,0x00000000e1c00000,0x00000000e2900000)
 ParOldGen       total 71168K, used 12196K [0x0000000089800000, 0x000000008dd80000, 0x00000000d8800000)
  object space 71168K, 17% used [0x0000000089800000,0x000000008a3e92d0,0x000000008dd80000)
 Metaspace       used 33445K, capacity 35342K, committed 35456K, reserved 1079296K
  class space    used 4574K, capacity 4929K, committed 4992K, reserved 1048576K
}
Event: 14.015 GC heap before
{Heap before GC invocations=10 (full 2):
 PSYoungGen      total 91648K, used 77247K [0x00000000d8800000, 0x00000000e2900000, 0x0000000100000000)
  eden space 77824K, 99% used [0x00000000d8800000,0x00000000dd36fed8,0x00000000dd400000)
  from space 13824K, 0% used [0x00000000dd400000,0x00000000dd400000,0x00000000de180000)
  to   space 13312K, 0% used [0x00000000e1c00000,0x00000000e1c00000,0x00000000e2900000)
 ParOldGen       total 71168K, used 12196K [0x0000000089800000, 0x000000008dd80000, 0x00000000d8800000)
  object space 71168K, 17% used [0x0000000089800000,0x000000008a3e92d0,0x000000008dd80000)
 Metaspace       used 44849K, capacity 47216K, committed 47488K, reserved 1089536K
  class space    used 6092K, capacity 6523K, committed 6528K, reserved 1048576K
Event: 14.030 GC heap after
Heap after GC invocations=10 (full 2):
 PSYoungGen      total 142336K, used 11835K [0x00000000d8800000, 0x00000000e2800000, 0x0000000100000000)
  eden space 130048K, 0% used [0x00000000d8800000,0x00000000d8800000,0x00000000e0700000)
  from space 12288K, 96% used [0x00000000e1c00000,0x00000000e278ef80,0x00000000e2800000)
  to   space 14336K, 0% used [0x00000000e0c00000,0x00000000e0c00000,0x00000000e1a00000)
 ParOldGen       total 71168K, used 12204K [0x0000000089800000, 0x000000008dd80000, 0x00000000d8800000)
  object space 71168K, 17% used [0x0000000089800000,0x000000008a3eb2d0,0x000000008dd80000)
 Metaspace       used 44849K, capacity 47216K, committed 47488K, reserved 1089536K
  class space    used 6092K, capacity 6523K, committed 6528K, reserved 1048576K
}
Event: 17.629 GC heap before
{Heap before GC invocations=11 (full 2):
 PSYoungGen      total 142336K, used 141522K [0x00000000d8800000, 0x00000000e2800000, 0x0000000100000000)
  eden space 130048K, 99% used [0x00000000d8800000,0x00000000e06a5b50,0x00000000e0700000)
  from space 12288K, 96% used [0x00000000e1c00000,0x00000000e278ef80,0x00000000e2800000)
  to   space 14336K, 0% used [0x00000000e0c00000,0x00000000e0c00000,0x00000000e1a00000)
 ParOldGen       total 71168K, used 12204K [0x0000000089800000, 0x000000008dd80000, 0x00000000d8800000)
  object space 71168K, 17% used [0x0000000089800000,0x000000008a3eb2d0,0x000000008dd80000)
 Metaspace       used 45665K, capacity 47984K, committed 48384K, reserved 1091584K
  class space    used 6173K, capacity 6587K, committed 6656K, reserved 1048576K
Event: 17.639 GC heap after
Heap after GC invocations=11 (full 2):
 PSYoungGen      total 149504K, used 11330K [0x00000000d8800000, 0x00000000e5300000, 0x0000000100000000)
  eden space 135168K, 0% used [0x00000000d8800000,0x00000000d8800000,0x00000000e0c00000)
  from space 14336K, 79% used [0x00000000e0c00000,0x00000000e1710af8,0x00000000e1a00000)
  to   space 14848K, 0% used [0x00000000e4480000,0x00000000e4480000,0x00000000e5300000)
 ParOldGen       total 71168K, used 12212K [0x0000000089800000, 0x000000008dd80000, 0x00000000d8800000)
  object space 71168K, 17% used [0x0000000089800000,0x000000008a3ed2d0,0x000000008dd80000)
 Metaspace       used 45665K, capacity 47984K, committed 48384K, reserved 1091584K
  class space    used 6173K, capacity 6587K, committed 6656K, reserved 1048576K
}

Deoptimization events (0 events):
No events

Classes redefined (0 events):
No events

Internal exceptions (10 events):
Event: 12.573 Thread 0x000000001c766000 Exception <a 'java/lang/ArrayIndexOutOfBoundsException'> (0x00000000dc88aa48) thrown at [C:\re\workspace\8-2-build-windows-amd64-cygwin\jdk8u202\12323\hotspot\src\share\vm\runtime\sharedRuntime.cpp, line 605]
Event: 12.573 Thread 0x000000001c766000 Exception <a 'java/lang/ArrayIndexOutOfBoundsException'> (0x00000000dc88b848) thrown at [C:\re\workspace\8-2-build-windows-amd64-cygwin\jdk8u202\12323\hotspot\src\share\vm\runtime\sharedRuntime.cpp, line 605]
Event: 12.573 Thread 0x000000001c766000 Exception <a 'java/lang/ArrayIndexOutOfBoundsException'> (0x00000000dc88c4b0) thrown at [C:\re\workspace\8-2-build-windows-amd64-cygwin\jdk8u202\12323\hotspot\src\share\vm\runtime\sharedRuntime.cpp, line 605]
Event: 12.582 Thread 0x000000001c766000 Exception <a 'java/lang/ArrayIndexOutOfBoundsException'> (0x00000000dc88fec0) thrown at [C:\re\workspace\8-2-build-windows-amd64-cygwin\jdk8u202\12323\hotspot\src\share\vm\runtime\sharedRuntime.cpp, line 605]
Event: 12.583 Thread 0x000000001c766000 Exception <a 'java/lang/NoSuchMethodError': getDevice> (0x00000000dc893ca8) thrown at [C:\re\workspace\8-2-build-windows-amd64-cygwin\jdk8u202\12323\hotspot\src\share\vm\prims\jni.cpp, line 1614]
Event: 12.583 Thread 0x000000001c766000 Exception <a 'java/lang/NoSuchMethodError': getNumDevices> (0x00000000dc893f08) thrown at [C:\re\workspace\8-2-build-windows-amd64-cygwin\jdk8u202\12323\hotspot\src\share\vm\prims\jni.cpp, line 1614]
Event: 12.584 Thread 0x000000001c766000 Exception <a 'java/lang/ArrayIndexOutOfBoundsException'> (0x00000000dc898a90) thrown at [C:\re\workspace\8-2-build-windows-amd64-cygwin\jdk8u202\12323\hotspot\src\share\vm\runtime\sharedRuntime.cpp, line 605]
Event: 12.584 Thread 0x000000001c766000 Exception <a 'java/lang/ArrayIndexOutOfBoundsException'> (0x00000000dc89baf8) thrown at [C:\re\workspace\8-2-build-windows-amd64-cygwin\jdk8u202\12323\hotspot\src\share\vm\runtime\sharedRuntime.cpp, line 605]
Event: 12.584 Thread 0x000000001c766000 Exception <a 'java/lang/NoSuchMethodError': getName> (0x00000000dc89e080) thrown at [C:\re\workspace\8-2-build-windows-amd64-cygwin\jdk8u202\12323\hotspot\src\share\vm\prims\jni.cpp, line 1614]
Event: 12.584 Thread 0x000000001c766000 Exception <a 'java/lang/NoSuchMethodError': getIdentifier> (0x00000000dc89e2e8) thrown at [C:\re\workspace\8-2-build-windows-amd64-cygwin\jdk8u202\12323\hotspot\src\share\vm\prims\jni.cpp, line 1614]

Events (10 events):
Event: 17.645 Executing VM operation: RevokeBias
Event: 17.645 Executing VM operation: RevokeBias done
Event: 17.645 Executing VM operation: RevokeBias
Event: 17.645 Executing VM operation: RevokeBias done
Event: 19.018 Executing VM operation: RevokeBias
Event: 19.018 Executing VM operation: RevokeBias done
Event: 19.018 Executing VM operation: RevokeBias
Event: 19.018 Executing VM operation: RevokeBias done
Event: 19.018 Executing VM operation: RevokeBias
Event: 19.018 Executing VM operation: RevokeBias done


Dynamic libraries:
0x00007ff63f1d0000 - 0x00007ff63f207000 	C:\Program Files\Java\jdk1.8.0_202\bin\javaw.exe
0x00007ffe638f0000 - 0x00007ffe63b06000 	C:\Windows\SYSTEM32\ntdll.dll
0x00007ffe627d0000 - 0x00007ffe62894000 	C:\Windows\System32\KERNEL32.DLL
0x00007ffe60e60000 - 0x00007ffe61206000 	C:\Windows\System32\KERNELBASE.dll
0x00007ffe62bf0000 - 0x00007ffe62ca2000 	C:\Windows\System32\ADVAPI32.dll
0x00007ffe61680000 - 0x00007ffe61727000 	C:\Windows\System32\msvcrt.dll
0x00007ffe62420000 - 0x00007ffe624c8000 	C:\Windows\System32\sechost.dll
0x00007ffe61450000 - 0x00007ffe61478000 	C:\Windows\System32\bcrypt.dll
0x00007ffe61f70000 - 0x00007ffe62085000 	C:\Windows\System32\RPCRT4.dll
0x00007ffe62a40000 - 0x00007ffe62bed000 	C:\Windows\System32\USER32.dll
0x00007ffe614f0000 - 0x00007ffe61516000 	C:\Windows\System32\win32u.dll
0x00007ffe61f40000 - 0x00007ffe61f69000 	C:\Windows\System32\GDI32.dll
0x00007ffe61290000 - 0x00007ffe613a8000 	C:\Windows\System32\gdi32full.dll
0x00007ffe613b0000 - 0x00007ffe6144a000 	C:\Windows\System32\msvcp_win.dll
0x00007ffe61520000 - 0x00007ffe61631000 	C:\Windows\System32\ucrtbase.dll
0x00007ffe4dba0000 - 0x00007ffe4de33000 	C:\Windows\WinSxS\amd64_microsoft.windows.common-controls_6595b64144ccf1df_6.0.22621.3235_none_270f74e173860f98\COMCTL32.dll
0x00007ffe61a70000 - 0x00007ffe61aa1000 	C:\Windows\System32\IMM32.DLL
0x000000006ef00000 - 0x000000006efd2000 	C:\Program Files\Java\jdk1.8.0_202\jre\bin\msvcr100.dll
0x000000006e1d0000 - 0x000000006ea75000 	C:\Program Files\Java\jdk1.8.0_202\jre\bin\server\jvm.dll
0x00007ffe61640000 - 0x00007ffe61648000 	C:\Windows\System32\PSAPI.DLL
0x00007ffe56b20000 - 0x00007ffe56b29000 	C:\Windows\SYSTEM32\WSOCK32.dll
0x00007ffe5e610000 - 0x00007ffe5e644000 	C:\Windows\SYSTEM32\WINMM.dll
0x00007ffe59340000 - 0x00007ffe5934a000 	C:\Windows\SYSTEM32\VERSION.dll
0x00007ffe62d30000 - 0x00007ffe62da1000 	C:\Windows\System32\WS2_32.dll
0x00007ffe5cf50000 - 0x00007ffe5cf5f000 	C:\Program Files\Java\jdk1.8.0_202\jre\bin\verify.dll
0x00007ffe5bc30000 - 0x00007ffe5bc59000 	C:\Program Files\Java\jdk1.8.0_202\jre\bin\java.dll
0x00007ffe59270000 - 0x00007ffe59286000 	C:\Program Files\Java\jdk1.8.0_202\jre\bin\zip.dll
0x00007ffe62db0000 - 0x00007ffe6360c000 	C:\Windows\System32\SHELL32.dll
0x00007ffe5eb50000 - 0x00007ffe5f448000 	C:\Windows\SYSTEM32\windows.storage.dll
0x00007ffe62090000 - 0x00007ffe62418000 	C:\Windows\System32\combase.dll
0x00007ffe5ea10000 - 0x00007ffe5eb4e000 	C:\Windows\SYSTEM32\wintypes.dll
0x00007ffe61910000 - 0x00007ffe61a03000 	C:\Windows\System32\SHCORE.dll
0x00007ffe61a10000 - 0x00007ffe61a6e000 	C:\Windows\System32\shlwapi.dll
0x00007ffe60b60000 - 0x00007ffe60b86000 	C:\Windows\SYSTEM32\profapi.dll
0x00007ffe5cf40000 - 0x00007ffe5cf4d000 	C:\Program Files\Java\jdk1.8.0_202\jre\bin\management.dll
0x00007ffe59250000 - 0x00007ffe5926a000 	C:\Program Files\Java\jdk1.8.0_202\jre\bin\net.dll
0x00007ffe3f6b0000 - 0x00007ffe3f8a0000 	C:\Windows\SYSTEM32\urlmon.dll
0x00007ffe3f3a0000 - 0x00007ffe3f65c000 	C:\Windows\SYSTEM32\iertutil.dll
0x00007ffe4a1b0000 - 0x00007ffe4a1d8000 	C:\Windows\SYSTEM32\srvcli.dll
0x00007ffe5f710000 - 0x00007ffe5f71c000 	C:\Windows\SYSTEM32\netutils.dll
0x00007ffe601b0000 - 0x00007ffe60219000 	C:\Windows\system32\mswsock.dll
0x00007ffe59230000 - 0x00007ffe59242000 	C:\Program Files\Java\jdk1.8.0_202\jre\bin\nio.dll
0x00007ffe3a2e0000 - 0x00007ffe3a2f7000 	C:\Windows\system32\napinsp.dll
0x00007ffe3a2c0000 - 0x00007ffe3a2db000 	C:\Windows\system32\pnrpnsp.dll
0x00007ffe5f790000 - 0x00007ffe5f889000 	C:\Windows\SYSTEM32\DNSAPI.dll
0x00007ffe5f720000 - 0x00007ffe5f74d000 	C:\Windows\SYSTEM32\IPHLPAPI.DLL
0x00007ffe62a30000 - 0x00007ffe62a39000 	C:\Windows\System32\NSI.dll
0x00007ffe3a070000 - 0x00007ffe3a081000 	C:\Windows\System32\winrnr.dll
0x00007ffe39fe0000 - 0x00007ffe39ff5000 	C:\Windows\system32\wshbth.dll
0x00007ffe39fb0000 - 0x00007ffe39fd1000 	C:\Windows\system32\nlansp_c.dll
0x000000006ea80000 - 0x000000006eaa6000 	C:\Program Files\Bonjour\mdnsNSP.dll
0x00007ffe59ca0000 - 0x00007ffe59caa000 	C:\Windows\System32\rasadhlp.dll
0x00007ffe5a050000 - 0x00007ffe5a0d3000 	C:\Windows\System32\fwpuclnt.dll
0x00007ffe60410000 - 0x00007ffe6042b000 	C:\Windows\SYSTEM32\CRYPTSP.dll
0x00007ffe5fc90000 - 0x00007ffe5fcc5000 	C:\Windows\system32\rsaenh.dll
0x00007ffe602b0000 - 0x00007ffe602dc000 	C:\Windows\SYSTEM32\USERENV.dll
0x00007ffe61210000 - 0x00007ffe6128a000 	C:\Windows\System32\bcryptprimitives.dll
0x00007ffe60450000 - 0x00007ffe6045c000 	C:\Windows\SYSTEM32\CRYPTBASE.dll
0x00007ffe5ac30000 - 0x00007ffe5ac49000 	C:\Windows\SYSTEM32\dhcpcsvc6.DLL
0x00007ffe5ac10000 - 0x00007ffe5ac2f000 	C:\Windows\SYSTEM32\dhcpcsvc.DLL
0x00007ffe53be0000 - 0x00007ffe53c04000 	C:\Program Files\Java\jdk1.8.0_202\jre\bin\sunec.dll
0x00007ffe5bbc0000 - 0x00007ffe5bbcb000 	C:\Program Files\Java\jdk1.8.0_202\jre\bin\sunmscapi.dll
0x00007ffe60c30000 - 0x00007ffe60d96000 	C:\Windows\System32\CRYPT32.dll
0x00007ffe4c700000 - 0x00007ffe4c899000 	C:\Program Files\Java\jdk1.8.0_202\jre\bin\awt.dll
0x00007ffe628a0000 - 0x00007ffe62977000 	C:\Windows\System32\OLEAUT32.dll
0x00007ffe5d9c0000 - 0x00007ffe5da57000 	C:\Windows\SYSTEM32\apphelp.dll
0x00007ffe5dac0000 - 0x00007ffe5db6b000 	C:\Windows\system32\uxtheme.dll
0x00007ffe63700000 - 0x00007ffe63854000 	C:\Windows\System32\MSCTF.dll
0x00007ffe62630000 - 0x00007ffe627cf000 	C:\Windows\System32\ole32.dll
0x00007ffe5fd30000 - 0x00007ffe5fd48000 	C:\Windows\SYSTEM32\kernel.appcore.dll
0x00007ffe5dd40000 - 0x00007ffe5dd6b000 	C:\Windows\system32\DWMAPI.DLL
0x00007ffe08d20000 - 0x00007ffe08e20000 	C:\Windows\system32\opengl32.dll
0x00007ffe0f760000 - 0x00007ffe0f78d000 	C:\Windows\SYSTEM32\GLU32.dll
0x00007ffe5ddb0000 - 0x00007ffe5dde9000 	C:\Windows\SYSTEM32\dxcore.dll
0x00007ffde1f70000 - 0x00007ffde2119000 	C:\Windows\system32\d3d9.dll
0x00007ffe554b0000 - 0x00007ffe5566b000 	C:\Windows\System32\DriverStore\FileRepository\u0382030.inf_amd64_c27c1f19988d7c7e\B381533\aticfx64.dll
0x00007ffe53ba0000 - 0x00007ffe53bd4000 	C:\Windows\System32\DriverStore\FileRepository\u0382030.inf_amd64_c27c1f19988d7c7e\B381533\atiu9p64.dll
0x00007ffdc43d0000 - 0x00007ffdc5125000 	C:\Windows\System32\DriverStore\FileRepository\u0382030.inf_amd64_c27c1f19988d7c7e\B381533\atiumd64.dll
0x00007ffe5e390000 - 0x00007ffe5e5c3000 	C:\Windows\SYSTEM32\dbghelp.dll
0x00007ffe5e5d0000 - 0x00007ffe5e602000 	C:\Windows\SYSTEM32\dbgcore.DLL
0x000000006d2a0000 - 0x000000006e1c6000 	C:\Windows\System32\DriverStore\FileRepository\u0382030.inf_amd64_c27c1f19988d7c7e\B381533\atiumd6a.dll
0x00007ffe61ac0000 - 0x00007ffe61f34000 	C:\Windows\System32\SETUPAPI.dll
0x00007ffe5fa80000 - 0x00007ffe5facd000 	C:\Windows\SYSTEM32\POWRPROF.dll
0x00007ffe5fa60000 - 0x00007ffe5fa73000 	C:\Windows\SYSTEM32\UMPDC.dll
0x00007ffe562e0000 - 0x00007ffe56315000 	C:\Windows\SYSTEM32\amdihk64.dll
0x00007ffe5aaa0000 - 0x00007ffe5aaea000 	C:\Windows\SYSTEM32\directxdatabasehelper.dll
0x00007ffe53b40000 - 0x00007ffe53b69000 	C:\Users\Asus\AppData\Local\Temp\BridJExtractedLibraries1690404937532159336\bridj.dll
0x00007ffe4f8e0000 - 0x00007ffe4f916000 	C:\Users\Asus\AppData\Local\Temp\BridJExtractedLibraries1690404937532159336\OpenIMAJGrabber.dll
0x00007ffe62980000 - 0x00007ffe62a30000 	C:\Windows\System32\clbcatq.dll
0x00007ffe53900000 - 0x00007ffe53921000 	C:\Windows\System32\devenum.dll
0x00007ffe60920000 - 0x00007ffe6096e000 	C:\Windows\System32\CFGMGR32.dll
0x00007ffe5fd50000 - 0x00007ffe5fd84000 	C:\Windows\SYSTEM32\ntmarta.dll
0x00007ffe608f0000 - 0x00007ffe6091c000 	C:\Windows\SYSTEM32\DEVOBJ.dll
0x00007ffe61480000 - 0x00007ffe614eb000 	C:\Windows\System32\WINTRUST.dll
0x00007ffe608d0000 - 0x00007ffe608e2000 	C:\Windows\SYSTEM32\MSASN1.dll
0x00007ffe59b20000 - 0x00007ffe59b2b000 	C:\Windows\SYSTEM32\msdmo.dll
0x00007ffe4f8a0000 - 0x00007ffe4f8d9000 	C:\Windows\System32\qcap.dll
0x00007ffdc6a60000 - 0x00007ffdc6c47000 	C:\Windows\System32\quartz.dll
0x00007ffe4bfa0000 - 0x00007ffe4bfdb000 	C:\Windows\System32\mfksproxy.dll
0x00007ffe5d1c0000 - 0x00007ffe5d1de000 	C:\Windows\System32\ATL.DLL
0x00007ffe59850000 - 0x00007ffe59a1e000 	C:\Windows\System32\MFPlat.DLL
0x00007ffe59810000 - 0x00007ffe59843000 	C:\Windows\System32\RTWorkQ.DLL
0x00007ffe4bf50000 - 0x00007ffe4bf96000 	C:\Windows\System32\FrameServerMonitorClient.dll
0x00007ffe4bb20000 - 0x00007ffe4bb9f000 	C:\Windows\System32\MFSENSORGROUP.dll
0x00007ffe4af40000 - 0x00007ffe4af9d000 	C:\Windows\System32\ksproxy.ax
0x00007ffe5a560000 - 0x00007ffe5a569000 	C:\Windows\System32\ksuser.dll
0x00007ffe4aae0000 - 0x00007ffe4ab75000 	C:\Windows\System32\Windows.Media.MediaControl.dll
0x00007ffe55100000 - 0x00007ffe5519d000 	C:\Windows\System32\MMDevAPI.DLL
0x00007ffe56c20000 - 0x00007ffe56c2f000 	C:\Windows\System32\vidcap.ax
0x00007ffe50690000 - 0x00007ffe506b6000 	C:\Windows\System32\kswdmcap.ax
0x00007ffe48e60000 - 0x00007ffe48f0f000 	C:\Windows\System32\qedit.dll
0x00007ffe62530000 - 0x00007ffe62629000 	C:\Windows\System32\COMDLG32.dll
0x00007ffe4bf20000 - 0x00007ffe4bf4b000 	C:\Windows\System32\MSVFW32.dll
0x00007ffe4e170000 - 0x00007ffe4e32a000 	C:\Windows\WinSxS\amd64_microsoft.windows.gdiplus_6595b64144ccf1df_1.1.22621.3085_none_57ff6980ce140777\gdiplus.dll
0x00007ffe2b900000 - 0x00007ffe2b9fe000 	C:\Windows\System32\DDRAW.dll
0x00007ffe5dc30000 - 0x00007ffe5dd28000 	C:\Windows\System32\dxgi.dll
0x00007ffe5b670000 - 0x00007ffe5b679000 	C:\Windows\System32\DCIMAN32.dll
0x00007ffe4cad0000 - 0x00007ffe4caf9000 	C:\Windows\SYSTEM32\WINMMBASE.dll
0x00007ffe54370000 - 0x00007ffe5437c000 	C:\Windows\SYSTEM32\msyuv.dll
0x00007ffe579c0000 - 0x00007ffe57a0b000 	C:\Windows\System32\CapabilityAccessManagerClient.dll
0x00007ffe4ae90000 - 0x00007ffe4aed7000 	C:\Program Files\Java\jdk1.8.0_202\jre\bin\fontmanager.dll
0x00007ffe4aa90000 - 0x00007ffe4aad2000 	C:\Program Files\Java\jdk1.8.0_202\jre\bin\t2k.dll
0x00007ffe4ece0000 - 0x00007ffe4ee2a000 	C:\Windows\SYSTEM32\textinputframework.dll
0x00007ffe4ae60000 - 0x00007ffe4ae8a000 	C:\Program Files\Java\jdk1.8.0_202\jre\bin\dcpr.dll
0x00007ffe5d6c0000 - 0x00007ffe5d7f4000 	C:\Windows\SYSTEM32\CoreMessaging.dll
0x00007ffe58c20000 - 0x00007ffe58f8c000 	C:\Windows\SYSTEM32\CoreUIComponents.dll
0x000000002c5d0000 - 0x000000002dc35000 	C:\Users\Asus\AppData\Local\Temp\xuggle\xuggle5623900173613425912.dll
0x00007ffe53fc0000 - 0x00007ffe53fda000 	C:\Windows\SYSTEM32\AVICAP32.dll

VM Arguments:
jvm_args: -Dcom.sun.management.jmxremote -Dcom.sun.management.jmxremote.port=50649 -Dcom.sun.management.jmxremote.authenticate=false -Dcom.sun.management.jmxremote.ssl=false -Djava.rmi.server.hostname=localhost -Dspring.jmx.enabled=true -Dspring.application.admin.enabled=true -XX:TieredStopAtLevel=1 -Dspring.boot.project.name=webcamIntegration -Dfile.encoding=UTF-8 
java_command: com.webcamIntegration.WebcamIntegrationApplication --spring.output.ansi.enabled=always
java_class_path (initial): D:\STS 18MAY\webcamIntegration\target\classes;C:\Users\Asus\Downloads\xuggle-xuggler-5.4 (1).jar;C:\Users\Asus\.m2\repository\org\springframework\boot\spring-boot-starter-web\2.7.12\spring-boot-starter-web-2.7.12.jar;C:\Users\Asus\.m2\repository\org\springframework\boot\spring-boot-starter\2.7.12\spring-boot-starter-2.7.12.jar;C:\Users\Asus\.m2\repository\org\springframework\boot\spring-boot\2.7.12\spring-boot-2.7.12.jar;C:\Users\Asus\.m2\repository\org\springframework\boot\spring-boot-autoconfigure\2.7.12\spring-boot-autoconfigure-2.7.12.jar;C:\Users\Asus\.m2\repository\org\springframework\boot\spring-boot-starter-logging\2.7.12\spring-boot-starter-logging-2.7.12.jar;C:\Users\Asus\.m2\repository\ch\qos\logback\logback-classic\1.2.12\logback-classic-1.2.12.jar;C:\Users\Asus\.m2\repository\ch\qos\logback\logback-core\1.2.12\logback-core-1.2.12.jar;C:\Users\Asus\.m2\repository\org\apache\logging\log4j\log4j-to-slf4j\2.17.2\log4j-to-slf4j-2.17.2.jar;C:\Users\Asus\.m2\repository\org\apache\logging\log4j\log4j-api\2.17.2\log4j-api-2.17.2.jar;C:\Users\Asus\.m2\repository\org\slf4j\jul-to-slf4j\1.7.36\jul-to-slf4j-1.7.36.jar;C:\Users\Asus\.m2\repository\jakarta\annotation\jakarta.annotation-api\1.3.5\jakarta.annotation-api-1.3.5.jar;C:\Users\Asus\.m2\repository\org\yaml\snakeyaml\1.30\snakeyaml-1.30.jar;C:\Users\Asus\.m2\repository\org\springframework\boot\spring-boot-starter-json\2.7.12\spring-boot-starter-json-2.7.12.jar;C:\Users\Asus\.m2\repository\com\fasterxml\jackson\core\jackson-databind\2.13.5\jackson-databind-2.13.5.jar;C:\Users\Asus\.m2\repository\com\fasterxml\jackson\core\jackson-annotations\2.13.5\jackson-annotations-2.13.5.jar;C:\Users\Asus\.m2\repository\com\fasterxml\jackson\core\jackson-core\2.13.5\jackson-core-2.13.5.jar;C:\Users\Asus\.m2\repository\com\fasterxml\jackson\datatype\jackson-datatype-jdk8\2.13.5\jackson-datatype-jdk8-2.13.5.jar;C:\Users\Asus\.m2\repository\com\fasterxml\jackson\datatype\jackson-datatype-jsr310\2.1
Launcher Type: SUN_STANDARD

Environment Variables:
JAVA_HOME=C:\Program Files\Java\jdk-21
PATH=C:/Users/Asus/OneDrive/Desktop/STS 18MAY/sts-4.8.1.RELEASE//plugins/org.eclipse.justj.openjdk.hotspot.jre.full.win32.x86_64_15.0.0.v20201014-1246/jre/bin/server;C:/Users/Asus/OneDrive/Desktop/STS 18MAY/sts-4.8.1.RELEASE//plugins/org.eclipse.justj.openjdk.hotspot.jre.full.win32.x86_64_15.0.0.v20201014-1246/jre/bin;C:\Program Files (x86)\NVIDIA Corporation\PhysX\Common;C:\Windows\system32;C:\Windows;C:\Windows\System32\Wbem;C:\Windows\System32\WindowsPowerShell\v1.0\;C:\Windows\System32\OpenSSH\;C:\Program Files\Microsoft SQL Server\Client SDK\ODBC\110\Tools\Binn\;C:\Program Files (x86)\Microsoft SQL Server\120\Tools\Binn\;C:\Program Files\Microsoft SQL Server\120\Tools\Binn\;C:\Program Files\Microsoft SQL Server\120\DTS\Binn\;C:\Program Files\NVIDIA Corporation\NVIDIA NvDLISR;C:\Program Files\dotnet\;C:\Program Files\Java\jdk-21\bin;C:\Program Files\Git\cmd;C:\Program Files\apache-maven-3.9.6\bin;C:\Program Files\MySQL\MySQL Shell 8.0\bin\;C:\Users\Asus\AppData\Local\Microsoft\WindowsApps;;C:\Users\Asus\OneDrive\Desktop\STS 18MAY\sts-4.8.1.RELEASE;
USERNAME=Asus
OS=Windows_NT
PROCESSOR_IDENTIFIER=AMD64 Family 25 Model 80 Stepping 0, AuthenticAMD



---------------  S Y S T E M  ---------------

OS: Windows 10.0 , 64 bit Build 22621 (10.0.22621.3235)

CPU:total 16 (initial active 16) (16 cores per cpu, 1 threads per core) family 25 model 80 stepping 0, cmov, cx8, fxsr, mmx, sse, sse2, sse3, ssse3, sse4.1, sse4.2, popcnt, avx, avx2, aes, clmul, erms, mmxext, 3dnowpref, lzcnt, sse4a, tsc, tscinvbit, tscinv, bmi1

Memory: 4k page, physical 7765196k(756432k free), swap 18209996k(6330380k free)

vm_info: Java HotSpot(TM) 64-Bit Server VM (25.202-b08) for windows-amd64 JRE (1.8.0_202-b08), built on Dec 15 2018 19:54:30 by "java_re" with MS VC++ 10.0 (VS2010)

time: Sun Mar 03 16:52:48 2024
timezone: India Standard Time
elapsed time: 20 seconds (0d 0h 0m 20s)

